T5514 000:000.804   SEGGER J-Link V8.10f Log File
T5514 000:000.965   DLL Compiled: Nov  6 2024 16:02:06
T5514 000:000.973   Logging started @ 2024-12-17 18:30
T5514 000:000.980   Process: C:\Users\brinda.tank\.eclipse\com.renesas.platform_1812769531\DebugComp\RA\e2-server-gdb.exe
T5514 000:000.994 - 0.987ms 
T5514 000:001.012 JLINK_GetDLLVersion()
T5514 000:001.019 - 0.008ms returns 81006
T5514 000:003.835 JLINK_OpenEx(...)
T5514 000:014.540   Firmware: J-Link OB-S124 compiled Sep 26 2024 19:38:01
T5514 000:017.524   Firmware: J-Link OB-S124 compiled Sep 26 2024 19:38:01
T5514 000:046.171   Hardware: V1.00
T5514 000:046.218   S/N: 831863612
T5514 000:046.237   OEM: SEGGER
T5514 000:046.256   Feature(s): None
T5514 000:049.228   Bootloader: 2019 Oct 15
T5514 000:051.381   USB speed mode: Full speed (12 MBit/s)
T5514 000:052.733   TELNET listener socket opened on port 19021
T5514 000:053.029   WEBSRV WEBSRV_Init(): Starting webserver thread(s)
T5514 000:053.337   WEBSRV Webserver running on local port 19080
T5514 000:053.600   Looking for J-Link GUI Server exe at: C:\Users\brinda.tank\.eclipse\com.renesas.platform_1812769531\DebugComp\RA\ARM\Segger_v8.10.6\JLinkGUIServer.exe
T5514 000:053.809   Looking for J-Link GUI Server exe at: C:\Program Files\SEGGER\JLink\JLinkGUIServer.exe
T5514 000:053.890   Forking J-Link GUI Server: C:\Program Files\SEGGER\JLink\JLinkGUIServer.exe
T5514 000:093.929   J-Link GUI Server info: "J-Link GUI server V7.86h "
T5514 000:094.400   J-Link GUI Server: Connection breakdown.
T5514 000:094.504 - 90.663ms returns "O.K."
T5514 000:094.609 JLINK_ExecCommand("ProjectFile=C:\Workspaces\Renesas_ws\qispace_ek_ra6m5_kem/qispace_ek_ra6m5_kem Release.jlink", ...). 
T5514 000:177.826 - 83.217ms returns 0x00
T5514 000:202.122 JLINK_ExecCommand("device=R7FA6M5BH", ...). 
T5514 000:202.464   Flash bank @ 0x0100A100: SFL: Parsing sectorization info from ELF file
T5514 000:202.484     FlashDevice.SectorInfo[0]: .SectorSize = 0x00000010, .SectorStartAddr = 0x00000000
T5514 000:202.499   FlashBank @0x0100A100: Sectorization info from SFL ELF file ignored because sectorization override from DLL / XML file is active.
T5514 000:203.375   Flash bank @ 0x60000000: SFL: Parsing sectorization info from ELF file
T5514 000:203.398     FlashDevice.SectorInfo[0]: .SectorSize = 0x00010000, .SectorStartAddr = 0x00000000
T5514 000:209.447   Device "R7FA6M5BH" selected.
T5514 000:209.818 - 7.668ms returns 0x00
T5514 000:209.844 JLINK_TIF_GetAvailable(...)
T5514 000:210.838 - 0.993ms 
T5514 000:210.891 JLINK_TIF_Select(JLINKARM_TIF_SWD)
T5514 000:214.035 - 3.143ms returns 0x00
T5514 000:214.078 JLINK_SetSpeed(4000)
T5514 000:214.709 - 0.637ms 
T5514 000:214.762 JLINK_ReadMem(0xE000EDF0, 0x4 Bytes, ...)
T5514 000:215.364   ConfigTargetSettings() start
T5514 000:215.385    J-Link Script File: Executing ConfigTargetSettings()
T5514 000:215.399   Configuring FlashDLNoRMWThreshold=0x200 in order to make sure that option bytes programming is done via read-modify-write
T5514 000:289.885   ConfigTargetSettings() end - Took 74.4ms
T5514 000:289.909   InitTarget() start
T5514 000:289.919    J-Link Script File: Executing InitTarget()
T5514 000:289.928   SWD selected. Executing JTAG -> SWD switching sequence.
T5514 000:295.893   DAP initialized successfully.
T5514 000:295.910   Determining TrustZone configuration...
T5514 000:299.211     Secure Debug: Enabled (SSD)
T5514 000:299.222   Determining currently configured transfer type by reading the AHB-AP CSW register.
T5514 000:302.190     --> Correct transfer type configured. Done.
T5514 000:302.206   InitTarget() end - Took 12.2ms
T5514 000:304.426   Found SW-DP with ID 0x6BA02477
T5514 000:310.116   DPIDR: 0x6BA02477
T5514 000:310.129   CoreSight SoC-400 or earlier
T5514 000:310.139   Scanning AP map to find all available APs
T5514 000:312.958   AP[2]: Stopped AP scan as end of AP map has been reached
T5514 000:312.976   AP[0]: AHB-AP (IDR: 0x84770001, ADDR: 0x00000000)
T5514 000:312.989   AP[1]: APB-AP (IDR: 0x54770002, ADDR: 0x01000000)
T5514 000:313.065   Iterating through AP map to find AHB-AP to use
T5514 000:315.362   AP[0]: Core found
T5514 000:315.381   AP[0]: AHB-AP ROM base: 0xE00FE000
T5514 000:316.516   CPUID register: 0x410FD214. Implementer code: 0x41 (ARM)
T5514 000:316.533   Feature set: Mainline
T5514 000:317.757   Cache: No cache
T5514 000:317.776   Found Cortex-M33 r0p4, Little endian.
T5514 000:319.058   -- Max. mem block: 0x00001960
T5514 000:321.522   CPU_ReadMem(4 bytes @ 0xE000EDF0)
T5514 000:322.792   CPU_ReadMem(4 bytes @ 0xE0002000)
T5514 000:323.827   FPUnit: 8 code (BP) slots and 0 literal slots
T5514 000:323.852   CPU_ReadMem(4 bytes @ 0xE000EDFC)
T5514 000:324.883   CPU_ReadMem(4 bytes @ 0xE0001000)
T5514 000:325.944   CPU_ReadMem(4 bytes @ 0xE0001000)
T5514 000:326.998   CPU_ReadMem(4 bytes @ 0xE0001028)
T5514 000:328.108   CPU_ReadMem(4 bytes @ 0xE0001038)
T5514 000:329.118   CPU_ReadMem(4 bytes @ 0xE0001048)
T5514 000:330.115   CPU_ReadMem(4 bytes @ 0xE0001058)
T5514 000:331.250   CPU_WriteMem(4 bytes @ 0xE0001000)
T5514 000:332.337   CPU_ReadMem(4 bytes @ 0xE000ED88)
T5514 000:333.475   CPU_WriteMem(4 bytes @ 0xE000ED88)
T5514 000:334.542   CPU_ReadMem(4 bytes @ 0xE000ED88)
T5514 000:335.486   CPU_WriteMem(4 bytes @ 0xE000ED88)
T5514 000:336.529   CPU_ReadMem(4 bytes @ 0xE000EFB8)
T5514 000:337.489   Security extension: implemented
T5514 000:337.505   Secure debug: enabled
T5514 000:337.519   CoreSight components:
T5514 000:337.533   ROMTbl[0] @ E00FE000
T5514 000:337.548   CPU_ReadMem(64 bytes @ 0xE00FE000)
T5514 000:339.282   CPU_ReadMem(32 bytes @ 0xE0044FE0)
T5514 000:340.686   CPU_ReadMem(4 bytes @ 0xE0044FBC)
T5514 000:341.749   CPU_ReadMem(4 bytes @ 0xE0044FCC)
T5514 000:342.834   [0][0]: E0044000 CID B105900D PID 005BB906 DEVARCH 00000000 DEVTYPE 14 CTI (?)
T5514 000:342.870   CPU_ReadMem(32 bytes @ 0xE0047FE0)
T5514 000:344.324   CPU_ReadMem(4 bytes @ 0xE0047FBC)
T5514 000:345.442   CPU_ReadMem(4 bytes @ 0xE0047FCC)
T5514 000:346.498   [0][1]: E0047000 CID B105900D PID 003BB908 DEVARCH 00000000 DEVTYPE 12 CSTF
T5514 000:346.533   CPU_ReadMem(32 bytes @ 0xE0048FE0)
T5514 000:347.802   CPU_ReadMem(4 bytes @ 0xE0048FBC)
T5514 000:348.788   CPU_ReadMem(4 bytes @ 0xE0048FCC)
T5514 000:349.961   [0][2]: E0048000 CID B105900D PID 001BB961 DEVARCH 00000000 DEVTYPE 21 ETB
T5514 000:349.997   CPU_ReadMem(32 bytes @ 0xE0049FE0)
T5514 000:351.391   [0][3]: E0049000 CID B105F00D PID 001BB101 TSG
T5514 000:351.426   CPU_ReadMem(32 bytes @ 0xE0040FE0)
T5514 000:352.870   CPU_ReadMem(4 bytes @ 0xE0040FBC)
T5514 000:353.933   CPU_ReadMem(4 bytes @ 0xE0040FCC)
T5514 000:354.959   [0][4]: E0040000 CID B105900D PID 000BBD21 DEVARCH 00000000 DEVTYPE 11 TPIU
T5514 000:354.997   CPU_ReadMem(32 bytes @ 0xE00FFFE0)
T5514 000:356.419   [0][5]: E00FF000 CID B105100D PID 000BB4C9 ROM Table
T5514 000:356.450   ROMTbl[1] @ E00FF000
T5514 000:356.465   CPU_ReadMem(64 bytes @ 0xE00FF000)
T5514 000:358.222   CPU_ReadMem(32 bytes @ 0xE000EFE0)
T5514 000:359.580   CPU_ReadMem(4 bytes @ 0xE000EFBC)
T5514 000:360.668   CPU_ReadMem(4 bytes @ 0xE000EFCC)
T5514 000:361.598   [1][0]: E000E000 CID B105900D PID 000BBD21 DEVARCH 47702A04 DEVTYPE 00 Cortex-M33
T5514 000:361.633   CPU_ReadMem(32 bytes @ 0xE0001FE0)
T5514 000:362.904   CPU_ReadMem(4 bytes @ 0xE0001FBC)
T5514 000:363.836   CPU_ReadMem(4 bytes @ 0xE0001FCC)
T5514 000:364.668   [1][1]: E0001000 CID B105900D PID 000BBD21 DEVARCH 47701A02 DEVTYPE 00 DWT
T5514 000:364.689   CPU_ReadMem(32 bytes @ 0xE0002FE0)
T5514 000:365.920   CPU_ReadMem(4 bytes @ 0xE0002FBC)
T5514 000:366.943   CPU_ReadMem(4 bytes @ 0xE0002FCC)
T5514 000:368.024   [1][2]: E0002000 CID B105900D PID 000BBD21 DEVARCH 47701A03 DEVTYPE 00 FPB
T5514 000:368.082   CPU_ReadMem(32 bytes @ 0xE0000FE0)
T5514 000:369.499   CPU_ReadMem(4 bytes @ 0xE0000FBC)
T5514 000:370.522   CPU_ReadMem(4 bytes @ 0xE0000FCC)
T5514 000:371.386   [1][3]: E0000000 CID B105900D PID 000BBD21 DEVARCH 47701A01 DEVTYPE 43 ITM
T5514 000:371.403   CPU_ReadMem(32 bytes @ 0xE0041FE0)
T5514 000:372.783   CPU_ReadMem(4 bytes @ 0xE0041FBC)
T5514 000:373.746   CPU_ReadMem(4 bytes @ 0xE0041FCC)
T5514 000:374.755   [1][5]: E0041000 CID B105900D PID 002BBD21 DEVARCH 47724A13 DEVTYPE 13 ETM
T5514 000:374.770   CPU_ReadMem(32 bytes @ 0xE0042FE0)
T5514 000:376.063   CPU_ReadMem(4 bytes @ 0xE0042FBC)
T5514 000:376.975   CPU_ReadMem(4 bytes @ 0xE0042FCC)
T5514 000:377.855   [1][6]: E0042000 CID B105900D PID 000BBD21 DEVARCH 47701A14 DEVTYPE 14 CSS600-CTI
T5514 000:377.921   CPU_ReadMem(4 bytes @ 0xE000EDF0)
T5514 000:378.859   Data:  03 00 13 00
T5514 000:378.887   Debug reg: DHCSR
T5514 000:378.902 - 164.139ms returns 0
T5514 000:379.047 JLINK_ReadMem(0x400E002C, 0x4 Bytes, ...)
T5514 000:379.076   CPU_ReadMem(4 bytes @ 0x400E002C)
T5514 000:379.968   Data:  02 00 00 00
T5514 000:379.988 - 0.941ms returns 0
T5514 000:380.025 JLINK_ReadMem(0xE000EDF0, 0x4 Bytes, ...)
T5514 000:380.036   CPU_ReadMem(4 bytes @ 0xE000EDF0)
T5514 000:381.188   Data:  03 00 13 00
T5514 000:381.207   Debug reg: DHCSR
T5514 000:381.216 - 1.191ms returns 0
T5514 000:381.255 JLINK_ReadMem(0xE000EDF0, 0x4 Bytes, ...)
T5514 000:381.266   CPU_ReadMem(4 bytes @ 0xE000EDF0)
T5514 000:382.261   Data:  03 00 13 00
T5514 000:382.277   Debug reg: DHCSR
T5514 000:382.286 - 1.030ms returns 0
T5514 000:382.297 JLINK_ReadMem(0x400E001C, 0x4 Bytes, ...)
T5514 000:382.308   CPU_ReadMem(4 bytes @ 0x400E001C)
T5514 000:383.403   Data:  00 E0 00 00
T5514 000:383.423 - 1.125ms returns 0
T5514 000:383.438 JLINK_ReadMem(0xE000EDF0, 0x4 Bytes, ...)
T5514 000:383.449   CPU_ReadMem(4 bytes @ 0xE000EDF0)
T5514 000:384.557   Data:  03 00 13 00
T5514 000:384.577   Debug reg: DHCSR
T5514 000:384.587 - 1.148ms returns 0
T5514 000:384.598 JLINK_ReadMem(0x400E0018, 0x4 Bytes, ...)
T5514 000:384.609   CPU_ReadMem(4 bytes @ 0x400E0018)
T5514 000:385.703   Data:  00 00 01 00
T5514 000:385.725 - 1.126ms returns 0
T5514 000:385.742 JLINK_ReadMem(0xE000EDF0, 0x4 Bytes, ...)
T5514 000:385.754   CPU_ReadMem(4 bytes @ 0xE000EDF0)
T5514 000:386.887   Data:  03 00 13 00
T5514 000:386.911   Debug reg: DHCSR
T5514 000:386.922 - 1.180ms returns 0
T5514 000:386.936 JLINK_ReadMem(0x400E0020, 0x4 Bytes, ...)
T5514 000:386.950   CPU_ReadMem(4 bytes @ 0x400E0020)
T5514 000:387.979   Data:  00 00 00 00
T5514 000:388.005 - 1.068ms returns 0
T5514 000:388.025 JLINK_ReadMem(0xE000EDF0, 0x4 Bytes, ...)
T5514 000:388.039   CPU_ReadMem(4 bytes @ 0xE000EDF0)
T5514 000:389.100   Data:  03 00 13 00
T5514 000:389.128   Debug reg: DHCSR
T5514 000:389.140 - 1.115ms returns 0
T5514 000:389.157 JLINK_ReadMem(0x400E0028, 0x4 Bytes, ...)
T5514 000:389.173   CPU_ReadMem(4 bytes @ 0x400E0028)
T5514 000:390.229   Data:  00 B4 05 00
T5514 000:390.259 - 1.101ms returns 0
T5514 000:390.282 JLINK_ReadMem(0xE000EDF0, 0x4 Bytes, ...)
T5514 000:390.298   CPU_ReadMem(4 bytes @ 0xE000EDF0)
T5514 000:391.216   Data:  03 00 13 00
T5514 000:391.233   Debug reg: DHCSR
T5514 000:391.246 - 0.964ms returns 0
T5514 000:391.261 JLINK_ReadMem(0x400E0024, 0x4 Bytes, ...)
T5514 000:391.275   CPU_ReadMem(4 bytes @ 0x400E0024)
T5514 000:392.396   Data:  00 C0 05 00
T5514 000:392.434 - 1.173ms returns 0
T5514 000:392.462 JLINK_ReadMem(0xE000EDF0, 0x4 Bytes, ...)
T5514 000:392.482   CPU_ReadMem(4 bytes @ 0xE000EDF0)
T5514 000:393.526   Data:  03 00 13 00
T5514 000:393.562   Debug reg: DHCSR
T5514 000:393.577 - 1.115ms returns 0
T5514 000:393.598 JLINK_ReadMem(0x400E002C, 0x4 Bytes, ...)
T5514 000:393.618   CPU_ReadMem(4 bytes @ 0x400E002C)
T5514 000:394.583   Data:  02 00 00 00
T5514 000:394.625 - 1.027ms returns 0
T5514 000:394.654 JLINK_ReadMem(0xE000EDF0, 0x4 Bytes, ...)
T5514 000:394.675   CPU_ReadMem(4 bytes @ 0xE000EDF0)
T5514 000:395.749   Data:  03 00 13 00
T5514 000:395.787   Debug reg: DHCSR
T5514 000:395.803 - 1.149ms returns 0
T5514 000:395.826 JLINK_ReadMem(0x400E002C, 0x4 Bytes, ...)
T5514 000:395.847   CPU_ReadMem(4 bytes @ 0x400E002C)
T5514 000:397.000   Data:  02 00 00 00
T5514 000:397.042 - 1.216ms returns 0
T5514 000:402.533 JLINK_Close()
T5514 000:434.265 - 31.729ms
T5514 000:434.343   
T5514 000:434.359   Closed
