T663C 000:000.454   SEGGER J-Link V8.10f Log File
T663C 000:000.559   DLL Compiled: Nov  6 2024 16:02:06
T663C 000:000.563   Logging started @ 2025-02-25 16:23
T663C 000:000.568   Process: C:\Users\brinda.tank\.eclipse\com.renesas.platform_1812769531\DebugComp\RA\e2-server-gdb.exe
T663C 000:000.576 - 0.572ms 
T663C 000:000.589 JLINK_GetDLLVersion()
T663C 000:000.593 - 0.005ms returns 81006
T663C 000:002.368 JLINK_OpenEx(...)
T663C 000:008.361   Firmware: J-Link OB-S124 compiled Sep 26 2024 19:38:01
T663C 000:009.450   Firmware: J-Link OB-S124 compiled Sep 26 2024 19:38:01
T663C 000:034.307   Hardware: V1.00
T663C 000:034.334   S/N: 831863612
T663C 000:034.348   OEM: SEGGER
T663C 000:034.361   Feature(s): None
T663C 000:035.910   Bootloader: 2019 Oct 15
T663C 000:037.245   USB speed mode: Full speed (12 MBit/s)
T663C 000:038.293   TELNET listener socket opened on port 19021
T663C 000:038.578   WEBSRV WEBSRV_Init(): Starting webserver thread(s)
T663C 000:038.859   WEBSRV Webserver running on local port 19080
T663C 000:039.079   Looking for J-Link GUI Server exe at: C:\Users\brinda.tank\.eclipse\com.renesas.platform_1812769531\DebugComp\RA\ARM\Segger_v8.10.6\JLinkGUIServer.exe
T663C 000:039.248   Looking for J-Link GUI Server exe at: C:\Program Files\SEGGER\JLink\JLinkGUIServer.exe
T663C 000:039.308   Forking J-Link GUI Server: C:\Program Files\SEGGER\JLink\JLinkGUIServer.exe
T663C 000:070.428   J-Link GUI Server info: "J-Link GUI server V7.86h "
T663C 000:070.561   J-Link GUI Server: Connection breakdown.
T663C 000:070.667 - 68.296ms returns "O.K."
T663C 000:070.771 JLINK_ExecCommand("ProjectFile=C:\Workspaces\Renesas_ws\qispace_ek_ra6m5_ds/qispace_ek_ra6m5_ds Release.jlink", ...). 
T663C 000:091.755 - 20.986ms returns 0x00
T663C 000:092.115 JLINK_ExecCommand("device=R7FA6M5BH", ...). 
T663C 000:093.126   Flash bank @ 0x0100A100: SFL: Parsing sectorization info from ELF file
T663C 000:093.141     FlashDevice.SectorInfo[0]: .SectorSize = 0x00000010, .SectorStartAddr = 0x00000000
T663C 000:093.148   FlashBank @0x0100A100: Sectorization info from SFL ELF file ignored because sectorization override from DLL / XML file is active.
T663C 000:093.606   Flash bank @ 0x60000000: SFL: Parsing sectorization info from ELF file
T663C 000:093.618     FlashDevice.SectorInfo[0]: .SectorSize = 0x00010000, .SectorStartAddr = 0x00000000
T663C 000:097.172   Device "R7FA6M5BH" selected.
T663C 000:097.507 - 5.381ms returns 0x00
T663C 000:097.572 JLINK_TIF_GetAvailable(...)
T663C 000:097.909 - 0.337ms 
T663C 000:097.917 JLINK_TIF_Select(JLINKARM_TIF_SWD)
T663C 000:099.001 - 1.084ms returns 0x00
T663C 000:099.020 JLINK_SetSpeed(4000)
T663C 000:099.194 - 0.177ms 
T663C 000:099.220 JLINK_ReadMem(0xE000EDF0, 0x4 Bytes, ...)
T663C 000:099.548   ConfigTargetSettings() start
T663C 000:099.567    J-Link Script File: Executing ConfigTargetSettings()
T663C 000:099.578   Configuring FlashDLNoRMWThreshold=0x200 in order to make sure that option bytes programming is done via read-modify-write
T663C 000:132.050   ConfigTargetSettings() end - Took 32.4ms
T663C 000:132.066   InitTarget() start
T663C 000:132.073    J-Link Script File: Executing InitTarget()
T663C 000:132.080   SWD selected. Executing JTAG -> SWD switching sequence.
T663C 000:137.080   DAP initialized successfully.
T663C 000:137.125   Determining TrustZone configuration...
T663C 000:139.274     Secure Debug: Enabled (SSD)
T663C 000:139.302   Determining currently configured transfer type by reading the AHB-AP CSW register.
T663C 000:141.155     --> Correct transfer type configured. Done.
T663C 000:141.173   InitTarget() end - Took 9.09ms
T663C 000:143.144   Found SW-DP with ID 0x6BA02477
T663C 000:147.261   DPIDR: 0x6BA02477
T663C 000:147.299   CoreSight SoC-400 or earlier
T663C 000:147.306   Scanning AP map to find all available APs
T663C 000:149.025   AP[2]: Stopped AP scan as end of AP map has been reached
T663C 000:149.042   AP[0]: AHB-AP (IDR: 0x84770001, ADDR: 0x00000000)
T663C 000:149.049   AP[1]: APB-AP (IDR: 0x54770002, ADDR: 0x01000000)
T663C 000:149.055   Iterating through AP map to find AHB-AP to use
T663C 000:150.896   AP[0]: Core found
T663C 000:150.906   AP[0]: AHB-AP ROM base: 0xE00FE000
T663C 000:151.869   CPUID register: 0x410FD214. Implementer code: 0x41 (ARM)
T663C 000:151.878   Feature set: Mainline
T663C 000:152.709   Cache: No cache
T663C 000:152.720   Found Cortex-M33 r0p4, Little endian.
T663C 000:153.416   -- Max. mem block: 0x00001960
T663C 000:155.048   CPU_ReadMem(4 bytes @ 0xE000EDF0)
T663C 000:156.041   CPU_ReadMem(4 bytes @ 0xE0002000)
T663C 000:156.750   FPUnit: 8 code (BP) slots and 0 literal slots
T663C 000:156.763   CPU_ReadMem(4 bytes @ 0xE000EDFC)
T663C 000:157.466   CPU_ReadMem(4 bytes @ 0xE0001000)
T663C 000:158.166   CPU_ReadMem(4 bytes @ 0xE0001000)
T663C 000:158.883   CPU_ReadMem(4 bytes @ 0xE0001028)
T663C 000:159.572   CPU_ReadMem(4 bytes @ 0xE0001038)
T663C 000:160.293   CPU_ReadMem(4 bytes @ 0xE0001048)
T663C 000:161.016   CPU_ReadMem(4 bytes @ 0xE0001058)
T663C 000:161.710   CPU_WriteMem(4 bytes @ 0xE0001000)
T663C 000:162.480   CPU_ReadMem(4 bytes @ 0xE000ED88)
T663C 000:163.152   CPU_WriteMem(4 bytes @ 0xE000ED88)
T663C 000:163.873   CPU_ReadMem(4 bytes @ 0xE000ED88)
T663C 000:164.687   CPU_WriteMem(4 bytes @ 0xE000ED88)
T663C 000:165.438   CPU_ReadMem(4 bytes @ 0xE000EFB8)
T663C 000:166.192   Security extension: implemented
T663C 000:166.213   Secure debug: enabled
T663C 000:166.231   CoreSight components:
T663C 000:166.250   ROMTbl[0] @ E00FE000
T663C 000:166.270   CPU_ReadMem(64 bytes @ 0xE00FE000)
T663C 000:167.774   CPU_ReadMem(32 bytes @ 0xE0044FE0)
T663C 000:168.865   CPU_ReadMem(4 bytes @ 0xE0044FBC)
T663C 000:169.586   CPU_ReadMem(4 bytes @ 0xE0044FCC)
T663C 000:170.334   [0][0]: E0044000 CID B105900D PID 005BB906 DEVARCH 00000000 DEVTYPE 14 CTI (?)
T663C 000:170.360   CPU_ReadMem(32 bytes @ 0xE0047FE0)
T663C 000:171.443   CPU_ReadMem(4 bytes @ 0xE0047FBC)
T663C 000:172.209   CPU_ReadMem(4 bytes @ 0xE0047FCC)
T663C 000:172.931   [0][1]: E0047000 CID B105900D PID 003BB908 DEVARCH 00000000 DEVTYPE 12 CSTF
T663C 000:172.959   CPU_ReadMem(32 bytes @ 0xE0048FE0)
T663C 000:174.048   CPU_ReadMem(4 bytes @ 0xE0048FBC)
T663C 000:174.842   CPU_ReadMem(4 bytes @ 0xE0048FCC)
T663C 000:175.599   [0][2]: E0048000 CID B105900D PID 001BB961 DEVARCH 00000000 DEVTYPE 21 ETB
T663C 000:175.631   CPU_ReadMem(32 bytes @ 0xE0049FE0)
T663C 000:176.828   [0][3]: E0049000 CID B105F00D PID 001BB101 TSG
T663C 000:176.907   CPU_ReadMem(32 bytes @ 0xE0040FE0)
T663C 000:178.096   CPU_ReadMem(4 bytes @ 0xE0040FBC)
T663C 000:178.863   CPU_ReadMem(4 bytes @ 0xE0040FCC)
T663C 000:180.068   [0][4]: E0040000 CID B105900D PID 000BBD21 DEVARCH 00000000 DEVTYPE 11 TPIU
T663C 000:180.224   CPU_ReadMem(32 bytes @ 0xE00FFFE0)
T663C 000:181.414   [0][5]: E00FF000 CID B105100D PID 000BB4C9 ROM Table
T663C 000:181.454   ROMTbl[1] @ E00FF000
T663C 000:181.475   CPU_ReadMem(64 bytes @ 0xE00FF000)
T663C 000:182.967   CPU_ReadMem(32 bytes @ 0xE000EFE0)
T663C 000:184.008   CPU_ReadMem(4 bytes @ 0xE000EFBC)
T663C 000:184.734   CPU_ReadMem(4 bytes @ 0xE000EFCC)
T663C 000:185.454   [1][0]: E000E000 CID B105900D PID 000BBD21 DEVARCH 47702A04 DEVTYPE 00 Cortex-M33
T663C 000:185.477   CPU_ReadMem(32 bytes @ 0xE0001FE0)
T663C 000:186.574   CPU_ReadMem(4 bytes @ 0xE0001FBC)
T663C 000:187.300   CPU_ReadMem(4 bytes @ 0xE0001FCC)
T663C 000:188.019   [1][1]: E0001000 CID B105900D PID 000BBD21 DEVARCH 47701A02 DEVTYPE 00 DWT
T663C 000:188.042   CPU_ReadMem(32 bytes @ 0xE0002FE0)
T663C 000:189.126   CPU_ReadMem(4 bytes @ 0xE0002FBC)
T663C 000:189.914   CPU_ReadMem(4 bytes @ 0xE0002FCC)
T663C 000:190.675   [1][2]: E0002000 CID B105900D PID 000BBD21 DEVARCH 47701A03 DEVTYPE 00 FPB
T663C 000:190.703   CPU_ReadMem(32 bytes @ 0xE0000FE0)
T663C 000:191.788   CPU_ReadMem(4 bytes @ 0xE0000FBC)
T663C 000:192.539   CPU_ReadMem(4 bytes @ 0xE0000FCC)
T663C 000:193.334   [1][3]: E0000000 CID B105900D PID 000BBD21 DEVARCH 47701A01 DEVTYPE 43 ITM
T663C 000:193.363   CPU_ReadMem(32 bytes @ 0xE0041FE0)
T663C 000:194.457   CPU_ReadMem(4 bytes @ 0xE0041FBC)
T663C 000:195.431   CPU_ReadMem(4 bytes @ 0xE0041FCC)
T663C 000:196.305   [1][5]: E0041000 CID B105900D PID 002BBD21 DEVARCH 47724A13 DEVTYPE 13 ETM
T663C 000:196.365   CPU_ReadMem(32 bytes @ 0xE0042FE0)
T663C 000:197.545   CPU_ReadMem(4 bytes @ 0xE0042FBC)
T663C 000:198.537   CPU_ReadMem(4 bytes @ 0xE0042FCC)
T663C 000:199.532   [1][6]: E0042000 CID B105900D PID 000BBD21 DEVARCH 47701A14 DEVTYPE 14 CSS600-CTI
T663C 000:199.705   CPU_ReadMem(4 bytes @ 0xE000EDF0)
T663C 000:200.647   Data:  03 00 13 00
T663C 000:200.698   Debug reg: DHCSR
T663C 000:200.719 - 101.497ms returns 0
T663C 000:200.785 JLINK_ReadMem(0x400E002C, 0x4 Bytes, ...)
T663C 000:200.814   CPU_ReadMem(4 bytes @ 0x400E002C)
T663C 000:201.623   Data:  02 00 00 00
T663C 000:201.674 - 0.889ms returns 0
T663C 000:201.773 JLINK_ReadMem(0xE000EDF0, 0x4 Bytes, ...)
T663C 000:201.801   CPU_ReadMem(4 bytes @ 0xE000EDF0)
T663C 000:202.625   Data:  03 00 13 00
T663C 000:202.681   Debug reg: DHCSR
T663C 000:202.703 - 0.931ms returns 0
T663C 000:202.833 JLINK_ReadMem(0xE000EDF0, 0x4 Bytes, ...)
T663C 000:202.865   CPU_ReadMem(4 bytes @ 0xE000EDF0)
T663C 000:203.777   Data:  03 00 13 00
T663C 000:203.839   Debug reg: DHCSR
T663C 000:203.864 - 1.031ms returns 0
T663C 000:203.929 JLINK_ReadMem(0x400E001C, 0x4 Bytes, ...)
T663C 000:203.963   CPU_ReadMem(4 bytes @ 0x400E001C)
T663C 000:204.882   Data:  00 08 01 00
T663C 000:204.953 - 1.024ms returns 0
T663C 000:205.039 JLINK_ReadMem(0xE000EDF0, 0x4 Bytes, ...)
T663C 000:205.079   CPU_ReadMem(4 bytes @ 0xE000EDF0)
T663C 000:205.962   Data:  03 00 13 00
T663C 000:206.032   Debug reg: DHCSR
T663C 000:206.060 - 1.022ms returns 0
T663C 000:206.134 JLINK_ReadMem(0x400E0018, 0x4 Bytes, ...)
T663C 000:206.172   CPU_ReadMem(4 bytes @ 0x400E0018)
T663C 000:207.018   Data:  00 80 01 00
T663C 000:207.088 - 0.955ms returns 0
T663C 000:207.176 JLINK_ReadMem(0xE000EDF0, 0x4 Bytes, ...)
T663C 000:207.215   CPU_ReadMem(4 bytes @ 0xE000EDF0)
T663C 000:208.095   Data:  03 00 13 00
T663C 000:208.164   Debug reg: DHCSR
T663C 000:208.192 - 1.016ms returns 0
T663C 000:208.266 JLINK_ReadMem(0x400E0020, 0x4 Bytes, ...)
T663C 000:208.308   CPU_ReadMem(4 bytes @ 0x400E0020)
T663C 000:209.374   Data:  00 00 00 00
T663C 000:209.444 - 1.178ms returns 0
T663C 000:209.540 JLINK_ReadMem(0xE000EDF0, 0x4 Bytes, ...)
T663C 000:209.580   CPU_ReadMem(4 bytes @ 0xE000EDF0)
T663C 000:210.548   Data:  03 00 13 00
T663C 000:210.608   Debug reg: DHCSR
T663C 000:210.633 - 1.093ms returns 0
T663C 000:210.698 JLINK_ReadMem(0x400E0028, 0x4 Bytes, ...)
T663C 000:210.732   CPU_ReadMem(4 bytes @ 0x400E0028)
T663C 000:211.679   Data:  00 B8 05 00
T663C 000:211.732 - 1.034ms returns 0
T663C 000:211.798 JLINK_ReadMem(0xE000EDF0, 0x4 Bytes, ...)
T663C 000:211.829   CPU_ReadMem(4 bytes @ 0xE000EDF0)
T663C 000:212.627   Data:  03 00 13 00
T663C 000:212.677   Debug reg: DHCSR
T663C 000:212.698 - 0.900ms returns 0
T663C 000:212.751 JLINK_ReadMem(0x400E0024, 0x4 Bytes, ...)
T663C 000:212.779   CPU_ReadMem(4 bytes @ 0x400E0024)
T663C 000:213.762   Data:  00 C0 05 00
T663C 000:213.809 - 1.058ms returns 0
T663C 000:213.865 JLINK_ReadMem(0xE000EDF0, 0x4 Bytes, ...)
T663C 000:213.892   CPU_ReadMem(4 bytes @ 0xE000EDF0)
T663C 000:214.879   Data:  03 00 13 00
T663C 000:214.925   Debug reg: DHCSR
T663C 000:214.944 - 1.078ms returns 0
T663C 000:214.992 JLINK_ReadMem(0x400E002C, 0x4 Bytes, ...)
T663C 000:215.018   CPU_ReadMem(4 bytes @ 0x400E002C)
T663C 000:216.051   Data:  02 00 00 00
T663C 000:216.103 - 1.110ms returns 0
T663C 000:216.165 JLINK_ReadMem(0xE000EDF0, 0x4 Bytes, ...)
T663C 000:216.194   CPU_ReadMem(4 bytes @ 0xE000EDF0)
T663C 000:217.165   Data:  03 00 13 00
T663C 000:217.215   Debug reg: DHCSR
T663C 000:217.236 - 1.070ms returns 0
T663C 000:217.289 JLINK_ReadMem(0x400E002C, 0x4 Bytes, ...)
T663C 000:217.317   CPU_ReadMem(4 bytes @ 0x400E002C)
T663C 000:218.308   Data:  02 00 00 00
T663C 000:218.366 - 1.077ms returns 0
T663C 000:218.688 JLINK_ReadMem(0xE000EDF0, 0x4 Bytes, ...)
T663C 000:218.732   CPU_ReadMem(4 bytes @ 0xE000EDF0)
T663C 000:219.693   Data:  03 00 13 00
T663C 000:219.754   Debug reg: DHCSR
T663C 000:219.780 - 1.092ms returns 0
T663C 000:219.815 JLINK_ReadMem(0x400E002C, 0x4 Bytes, ...)
T663C 000:219.847   CPU_ReadMem(4 bytes @ 0x400E002C)
T663C 000:220.913   Data:  02 00 00 00
T663C 000:220.975 - 1.160ms returns 0
T663C 000:221.022 JLINK_ReadMem(0xE000EDF0, 0x4 Bytes, ...)
T663C 000:221.056   CPU_ReadMem(4 bytes @ 0xE000EDF0)
T663C 000:222.092   Data:  03 00 13 00
T663C 000:222.153   Debug reg: DHCSR
T663C 000:222.179 - 1.156ms returns 0
T663C 000:222.214 JLINK_ReadMem(0x400E001C, 0x4 Bytes, ...)
T663C 000:222.247   CPU_ReadMem(4 bytes @ 0x400E001C)
T663C 000:223.297   Data:  00 08 01 00
T663C 000:223.360 - 1.145ms returns 0
T663C 000:223.406 JLINK_ReadMem(0xE000EDF0, 0x4 Bytes, ...)
T663C 000:223.439   CPU_ReadMem(4 bytes @ 0xE000EDF0)
T663C 000:224.422   Data:  03 00 13 00
T663C 000:224.482   Debug reg: DHCSR
T663C 000:224.508 - 1.102ms returns 0
T663C 000:224.543 JLINK_ReadMem(0x400E0018, 0x4 Bytes, ...)
T663C 000:224.575   CPU_ReadMem(4 bytes @ 0x400E0018)
T663C 000:225.591   Data:  00 80 01 00
T663C 000:225.647 - 1.104ms returns 0
T663C 000:225.690 JLINK_ReadMem(0xE000EDF0, 0x4 Bytes, ...)
T663C 000:225.719   CPU_ReadMem(4 bytes @ 0xE000EDF0)
T663C 000:226.593   Data:  03 00 13 00
T663C 000:226.649   Debug reg: DHCSR
T663C 000:226.671 - 0.981ms returns 0
T663C 000:226.703 JLINK_ReadMem(0x400E0020, 0x4 Bytes, ...)
T663C 000:226.732   CPU_ReadMem(4 bytes @ 0x400E0020)
T663C 000:227.815   Data:  00 00 00 00
T663C 000:227.871 - 1.167ms returns 0
T663C 000:227.916 JLINK_ReadMem(0xE000EDF0, 0x4 Bytes, ...)
T663C 000:227.946   CPU_ReadMem(4 bytes @ 0xE000EDF0)
T663C 000:228.939   Data:  03 00 13 00
T663C 000:228.994   Debug reg: DHCSR
T663C 000:229.016 - 1.100ms returns 0
T663C 000:229.048 JLINK_ReadMem(0x400E0028, 0x4 Bytes, ...)
T663C 000:229.077   CPU_ReadMem(4 bytes @ 0x400E0028)
T663C 000:230.038   Data:  00 B8 05 00
T663C 000:230.089 - 1.041ms returns 0
T663C 000:230.128 JLINK_ReadMem(0xE000EDF0, 0x4 Bytes, ...)
T663C 000:230.155   CPU_ReadMem(4 bytes @ 0xE000EDF0)
T663C 000:231.106   Data:  03 00 13 00
T663C 000:231.152   Debug reg: DHCSR
T663C 000:231.172 - 1.044ms returns 0
T663C 000:231.199 JLINK_ReadMem(0x400E0024, 0x4 Bytes, ...)
T663C 000:231.223   CPU_ReadMem(4 bytes @ 0x400E0024)
T663C 000:232.153   Data:  00 C0 05 00
T663C 000:232.200 - 1.001ms returns 0
T663C 000:232.681 JLINK_TIF_GetAvailable(...)
T663C 000:233.287 - 0.604ms 
T663C 000:233.336 JLINK_TIF_Select(JLINKARM_TIF_SWD)
T663C 000:233.350 - 0.014ms returns 0x00
T663C 000:233.365 JLINK_SetSpeed(4000)
T663C 000:233.670 - 0.303ms 
T663C 000:233.721 JLINK_SetEndian(ARM_ENDIAN_LITTLE)
T663C 000:233.734 - 0.013ms returns 0
T663C 000:235.930 JLINK_SetInitRegsOnReset(OFF)
T663C 000:235.971 - 2.221ms returns 1
T663C 000:235.993 JLINK_SetResetType(JLINKARM_CM3_RESET_TYPE_NORMAL)
T663C 000:236.007 - 0.014ms returns JLINKARM_CM3_RESET_TYPE_NORMAL
T663C 000:236.025 JLINK_ExecCommand("EnableFlashBPs", ...). 
T663C 000:236.055 - 0.014ms returns 0x00
T663C 000:236.073 JLINK_ExecCommand("SetAllowFlashCache = 0", ...). 
T663C 000:236.091 - 0.001ms returns 0x00
T663C 000:236.107 JLINK_ExecCommand("SetRestartOnClose = 0", ...). 
T663C 000:236.126 - 0.003ms returns 0x01
T663C 000:236.140 JLINK_EnableSoftBPs(ON)
T663C 000:236.153 - 0.012ms 
T663C 000:236.178 JLINK_Connect()
T663C 000:236.869   ConfigTargetSettings() start
T663C 000:236.915    J-Link Script File: Executing ConfigTargetSettings()
T663C 000:236.932   Configuring FlashDLNoRMWThreshold=0x200 in order to make sure that option bytes programming is done via read-modify-write
T663C 000:277.317   ConfigTargetSettings() end - Took 40.4ms
T663C 000:277.333   InitTarget() start
T663C 000:277.339    J-Link Script File: Executing InitTarget()
T663C 000:277.346   SWD selected. Executing JTAG -> SWD switching sequence.
T663C 000:281.301   DAP initialized successfully.
T663C 000:281.318   Determining TrustZone configuration...
T663C 000:283.611     Secure Debug: Enabled (SSD)
T663C 000:283.622   Determining currently configured transfer type by reading the AHB-AP CSW register.
T663C 000:285.380     --> Correct transfer type configured. Done.
T663C 000:285.392   InitTarget() end - Took 8.05ms
T663C 000:286.540   Found SW-DP with ID 0x6BA02477
T663C 000:291.106   DPIDR: 0x6BA02477
T663C 000:291.116   CoreSight SoC-400 or earlier
T663C 000:291.125   AP map detection skipped. Manually configured AP map found.
T663C 000:291.135   AP[0]: AHB-AP (IDR: Not set, ADDR: 0x00000000)
T663C 000:292.934   AP[0]: Core found
T663C 000:292.948   AP[0]: AHB-AP ROM base: 0xE00FE000
T663C 000:293.899   CPUID register: 0x410FD214. Implementer code: 0x41 (ARM)
T663C 000:293.911   Feature set: Mainline
T663C 000:294.906   Cache: No cache
T663C 000:294.919   Found Cortex-M33 r0p4, Little endian.
T663C 000:295.259   -- Max. mem block: 0x000016F0
T663C 000:295.280   CPU_ReadMem(4 bytes @ 0xE000EDF0)
T663C 000:296.040   CPU_ReadMem(4 bytes @ 0xE0002000)
T663C 000:296.753   FPUnit: 8 code (BP) slots and 0 literal slots
T663C 000:296.768   CPU_ReadMem(4 bytes @ 0xE000EDFC)
T663C 000:297.428   CPU_ReadMem(4 bytes @ 0xE0001000)
T663C 000:298.126   CPU_ReadMem(4 bytes @ 0xE0001000)
T663C 000:298.808   CPU_ReadMem(4 bytes @ 0xE0001028)
T663C 000:299.507   CPU_ReadMem(4 bytes @ 0xE0001038)
T663C 000:300.214   CPU_ReadMem(4 bytes @ 0xE0001048)
T663C 000:300.873   CPU_ReadMem(4 bytes @ 0xE0001058)
T663C 000:301.586   CPU_WriteMem(4 bytes @ 0xE0001000)
T663C 000:302.521   CPU_ReadMem(4 bytes @ 0xE000ED88)
T663C 000:303.242   CPU_WriteMem(4 bytes @ 0xE000ED88)
T663C 000:303.996   CPU_ReadMem(4 bytes @ 0xE000ED88)
T663C 000:304.698   CPU_WriteMem(4 bytes @ 0xE000ED88)
T663C 000:305.454   CPU_ReadMem(4 bytes @ 0xE000EFB8)
T663C 000:306.206   Security extension: implemented
T663C 000:306.227   Secure debug: enabled
T663C 000:306.246   CoreSight components:
T663C 000:306.265   ROMTbl[0] @ E00FE000
T663C 000:306.285   CPU_ReadMem(64 bytes @ 0xE00FE000)
T663C 000:307.746   CPU_ReadMem(32 bytes @ 0xE0044FE0)
T663C 000:308.807   CPU_ReadMem(4 bytes @ 0xE0044FBC)
T663C 000:309.480   CPU_ReadMem(4 bytes @ 0xE0044FCC)
T663C 000:310.370   [0][0]: E0044000 CID B105900D PID 005BB906 DEVARCH 00000000 DEVTYPE 14 CTI (?)
T663C 000:310.398   CPU_ReadMem(32 bytes @ 0xE0047FE0)
T663C 000:311.648   CPU_ReadMem(4 bytes @ 0xE0047FBC)
T663C 000:312.486   CPU_ReadMem(4 bytes @ 0xE0047FCC)
T663C 000:313.389   [0][1]: E0047000 CID B105900D PID 003BB908 DEVARCH 00000000 DEVTYPE 12 CSTF
T663C 000:313.415   CPU_ReadMem(32 bytes @ 0xE0048FE0)
T663C 000:314.679   CPU_ReadMem(4 bytes @ 0xE0048FBC)
T663C 000:315.597   CPU_ReadMem(4 bytes @ 0xE0048FCC)
T663C 000:316.378   [0][2]: E0048000 CID B105900D PID 001BB961 DEVARCH 00000000 DEVTYPE 21 ETB
T663C 000:316.399   CPU_ReadMem(32 bytes @ 0xE0049FE0)
T663C 000:317.537   [0][3]: E0049000 CID B105F00D PID 001BB101 TSG
T663C 000:317.568   CPU_ReadMem(32 bytes @ 0xE0040FE0)
T663C 000:318.723   CPU_ReadMem(4 bytes @ 0xE0040FBC)
T663C 000:319.572   CPU_ReadMem(4 bytes @ 0xE0040FCC)
T663C 000:320.389   [0][4]: E0040000 CID B105900D PID 000BBD21 DEVARCH 00000000 DEVTYPE 11 TPIU
T663C 000:320.413   CPU_ReadMem(32 bytes @ 0xE00FFFE0)
T663C 000:321.578   [0][5]: E00FF000 CID B105100D PID 000BB4C9 ROM Table
T663C 000:321.603   ROMTbl[1] @ E00FF000
T663C 000:321.628   CPU_ReadMem(64 bytes @ 0xE00FF000)
T663C 000:323.136   CPU_ReadMem(32 bytes @ 0xE000EFE0)
T663C 000:324.233   CPU_ReadMem(4 bytes @ 0xE000EFBC)
T663C 000:325.001   CPU_ReadMem(4 bytes @ 0xE000EFCC)
T663C 000:325.834   [1][0]: E000E000 CID B105900D PID 000BBD21 DEVARCH 47702A04 DEVTYPE 00 Cortex-M33
T663C 000:325.868   CPU_ReadMem(32 bytes @ 0xE0001FE0)
T663C 000:327.234   CPU_ReadMem(4 bytes @ 0xE0001FBC)
T663C 000:328.219   CPU_ReadMem(4 bytes @ 0xE0001FCC)
T663C 000:329.231   [1][1]: E0001000 CID B105900D PID 000BBD21 DEVARCH 47701A02 DEVTYPE 00 DWT
T663C 000:329.310   CPU_ReadMem(32 bytes @ 0xE0002FE0)
T663C 000:330.562   CPU_ReadMem(4 bytes @ 0xE0002FBC)
T663C 000:331.291   CPU_ReadMem(4 bytes @ 0xE0002FCC)
T663C 000:332.036   [1][2]: E0002000 CID B105900D PID 000BBD21 DEVARCH 47701A03 DEVTYPE 00 FPB
T663C 000:332.057   CPU_ReadMem(32 bytes @ 0xE0000FE0)
T663C 000:333.058   CPU_ReadMem(4 bytes @ 0xE0000FBC)
T663C 000:333.713   CPU_ReadMem(4 bytes @ 0xE0000FCC)
T663C 000:334.368   [1][3]: E0000000 CID B105900D PID 000BBD21 DEVARCH 47701A01 DEVTYPE 43 ITM
T663C 000:334.392   CPU_ReadMem(32 bytes @ 0xE0041FE0)
T663C 000:335.407   CPU_ReadMem(4 bytes @ 0xE0041FBC)
T663C 000:336.202   CPU_ReadMem(4 bytes @ 0xE0041FCC)
T663C 000:336.928   [1][5]: E0041000 CID B105900D PID 002BBD21 DEVARCH 47724A13 DEVTYPE 13 ETM
T663C 000:336.946   CPU_ReadMem(32 bytes @ 0xE0042FE0)
T663C 000:338.016   CPU_ReadMem(4 bytes @ 0xE0042FBC)
T663C 000:338.745   CPU_ReadMem(4 bytes @ 0xE0042FCC)
T663C 000:339.415   [1][6]: E0042000 CID B105900D PID 000BBD21 DEVARCH 47701A14 DEVTYPE 14 CSS600-CTI
T663C 000:339.443 - 103.269ms returns 0x00
T663C 000:339.487 JLINK_Halt()
T663C 000:346.101 - 6.613ms returns 0x00
T663C 000:346.156 JLINK_IsHalted()
T663C 000:346.173 - 0.017ms returns TRUE
T663C 000:346.298 JLINK_ResetPullsRESET(ON)
T663C 000:346.315 - 0.017ms 
T663C 000:346.331 JLINK_Reset()
T663C 000:346.358   ResetTarget() start
T663C 000:346.378    J-Link Script File: Executing ResetTarget()
T663C 000:346.404   CPU_ReadMem(4 bytes @ 0xE000ED44)
T663C 000:347.117   CPU_ReadMem(4 bytes @ 0xE000EE08)
T663C 000:348.037   CPU_WriteMem(4 bytes @ 0xE000EE08)
T663C 000:348.970   CPU_ReadMem(4 bytes @ 0xE000EE08)
T663C 000:349.841   Reset: ARMv8M core with Security Extension enabled detected. Switch to secure domain.
T663C 000:349.862   Reset: Halt core after reset via DEMCR.VC_CORERESET.
T663C 000:349.888   CPU_WriteMem(4 bytes @ 0xE000EDF0)
T663C 000:350.850   CPU_WriteMem(4 bytes @ 0xE000EDFC)
T663C 000:352.490   Reset: Reset device via AIRCR.SYSRESETREQ.
T663C 000:352.521   CPU_WriteMem(4 bytes @ 0xE000ED0C)
T663C 000:405.632   CPU_ReadMem(4 bytes @ 0xE000EDF0)
T663C 000:406.298   CPU_ReadMem(4 bytes @ 0xE000EDF0)
T663C 000:406.934   CPU_WriteMem(4 bytes @ 0xE000EDFC)
T663C 000:407.649   ResetTarget() end - Took 61.2ms
T663C 000:407.663   Device specific reset executed.
T663C 000:414.721   CPU_ReadMem(4 bytes @ 0xE000EE08)
T663C 000:415.507   CPU_WriteMem(4 bytes @ 0xE0002000)
T663C 000:416.393   CPU_ReadMem(4 bytes @ 0xE000EDFC)
T663C 000:417.195   CPU_ReadMem(4 bytes @ 0xE0001000)
T663C 000:417.929   CPU_ReadMem(4 bytes @ 0xE000EE08)
T663C 000:418.835 - 72.502ms 
T663C 000:418.991 JLINK_ReadMem(0xE000EDF0, 0x4 Bytes, ...)
T663C 000:419.018   CPU_ReadMem(4 bytes @ 0xE000EDF0)
T663C 000:419.735   Data:  03 00 13 00
T663C 000:419.756   Debug reg: DHCSR
T663C 000:419.771 - 0.780ms returns 0
T663C 000:419.807 JLINK_ReadMem(0x010080F0, 0x10 Bytes, ...)
T663C 000:419.827   CPU_ReadMem(16 bytes @ 0x010080F0)
T663C 000:420.842   Data:  52 37 46 41 36 4D 35 42 48 33 43 46 43 20 20 20
T663C 000:420.879 - 1.071ms returns 0
T663C 000:420.920 JLINK_IsHalted()
T663C 000:420.932 - 0.012ms returns TRUE
T663C 000:421.410 JLINK_ReadMem(0xE000EDF0, 0x4 Bytes, ...)
T663C 000:421.433   CPU_ReadMem(4 bytes @ 0xE000EDF0)
T663C 000:422.307   Data:  03 00 13 00
T663C 000:422.344   Debug reg: DHCSR
T663C 000:422.358 - 0.948ms returns 0
T663C 000:422.380 JLINK_ReadMem(0x400E002C, 0x4 Bytes, ...)
T663C 000:422.400   CPU_ReadMem(4 bytes @ 0x400E002C)
T663C 000:423.320   Data:  02 00 00 00
T663C 000:423.358 - 0.978ms returns 0
T663C 000:423.394 JLINK_MeasureCPUSpeed(RAMAddr = 0x20000000)
T663C 000:423.411   CPU_ReadMem(16 bytes @ 0x20000000)
T663C 000:424.343   CPU_ReadMem(4 bytes @ 0xE000EDFC)
T663C 000:425.219   CPU_ReadMem(4 bytes @ 0xE0001000)
T663C 000:425.894   CPU_ReadMem(6 bytes @ 0x20000000)
T663C 000:426.584   CPU_ReadMem(4 bytes @ 0xE000ED90)
T663C 000:427.410   CPU_ReadMem(4 bytes @ 0xE000ED94)
T663C 000:428.157   CPU_WriteMem(16 bytes @ 0x20000000)
T663C 000:428.976   CPU_WriteMem(6 bytes @ 0x20000000)
T663C 000:429.758   CPU_ReadMem(6 bytes @ 0x20000000)
T663C 000:430.544   CPU_ReadMem(4 bytes @ 0xE000EE08)
T663C 000:431.189   CPU_WriteMem(4 bytes @ 0xE0002008)
T663C 000:431.200   CPU_WriteMem(4 bytes @ 0xE000200C)
T663C 000:431.207   CPU_WriteMem(4 bytes @ 0xE0002010)
T663C 000:431.213   CPU_WriteMem(4 bytes @ 0xE0002014)
T663C 000:431.220   CPU_WriteMem(4 bytes @ 0xE0002018)
T663C 000:431.226   CPU_WriteMem(4 bytes @ 0xE000201C)
T663C 000:431.233   CPU_WriteMem(4 bytes @ 0xE0002020)
T663C 000:431.239   CPU_WriteMem(4 bytes @ 0xE0002024)
T663C 000:435.203   CPU_WriteMem(4 bytes @ 0xE0001004)
T663C 000:446.327   CPU_ReadMem(4 bytes @ 0xE0001004)
T663C 000:447.034   CPU_ReadMem(4 bytes @ 0xE000EE08)
T663C 000:447.637   CPU_WriteMem(4 bytes @ 0xE0002008)
T663C 000:448.355   CPU_WriteMem(4 bytes @ 0xE000200C)
T663C 000:448.982   CPU_WriteMem(4 bytes @ 0xE0002010)
T663C 000:449.700   CPU_WriteMem(4 bytes @ 0xE0002014)
T663C 000:450.334   CPU_WriteMem(4 bytes @ 0xE0002018)
T663C 000:451.190   CPU_WriteMem(4 bytes @ 0xE000201C)
T663C 000:451.831   CPU_WriteMem(4 bytes @ 0xE0002020)
T663C 000:452.533   CPU_WriteMem(4 bytes @ 0xE0002024)
T663C 000:453.222   CPU_ReadMem(4 bytes @ 0xE000EE08)
T663C 000:454.048   CPU_ReadMem(4 bytes @ 0xE000EE08)
T663C 000:454.737   CPU_WriteMem(4 bytes @ 0xE0001004)
T663C 000:485.759   CPU_ReadMem(4 bytes @ 0xE0001004)
T663C 000:486.519   CPU_WriteMem(6 bytes @ 0x20000000)
T663C 000:487.346   ClockFreq: 2076000 Hz
T663C 000:487.355 - 63.961ms returns 2076000
T663C 000:487.372 JLINK_ReadReg(XPSR)
T663C 000:487.381   CPU_ReadMem(4 bytes @ 0xE000EE08)
T663C 000:488.129 - 0.755ms returns 0xF9000000
T57B8 002:659.675 JLINK_ReadReg(XPSR)
T57B8 002:660.758   CPU_ReadMem(4 bytes @ 0xE000EE08)
T57B8 002:661.849 - 2.173ms returns 0xF9000000
T57B8 002:690.917 JLINK_ReadReg(XPSR)
T57B8 002:691.049 - 0.131ms returns 0xF9000000
T57B8 002:848.610 JLINK_BeginDownload(Flags = 0x00000000)
T57B8 002:848.638 - 0.028ms 
T57B8 002:862.785 JLINK_ReadMem(0xE000EDF0, 0x4 Bytes, ...)
T57B8 002:862.820   CPU_ReadMem(4 bytes @ 0xE000EDF0)
T57B8 002:863.508   Data:  03 00 13 00
T57B8 002:863.550   Debug reg: DHCSR
T57B8 002:863.557 - 0.771ms returns 0
T57B8 002:864.583 JLINK_WriteMem(0x00000000, 0xBD0 Bytes, ...)
T57B8 002:864.599   Data:  80 B4 05 20 35 63 00 00 5D 61 00 00 31 63 00 00 ...
T57B8 002:864.874   completely In flash
T57B8 002:864.883 - 0.299ms returns 0xBD0
T57B8 002:865.348 JLINK_WriteMem(0x00000BD0, 0xBB0 Bytes, ...)
T57B8 002:865.361   Data:  29 46 20 46 01 F0 EC FE 29 46 20 46 00 F0 4A FE ...
T57B8 002:865.372   completely In flash
T57B8 002:865.379 - 0.031ms returns 0xBB0
T57B8 002:865.598 JLINK_WriteMem(0x00001780, 0xBA0 Bytes, ...)
T57B8 002:865.603   Data:  00 10 11 40 0A 4B 90 F8 20 20 33 F8 12 30 9B B2 ...
T57B8 002:865.611   completely In flash
T57B8 002:865.618 - 0.020ms returns 0xBA0
T57B8 002:865.928 JLINK_WriteMem(0x00002320, 0xBC0 Bytes, ...)
T57B8 002:865.934   Data:  20 30 80 46 0F 46 14 46 13 BB 46 08 3D D0 02 EB ...
T57B8 002:865.942   completely In flash
T57B8 002:865.948 - 0.021ms returns 0xBC0
T57B8 002:866.150 JLINK_WriteMem(0x00002EE0, 0xBB0 Bytes, ...)
T57B8 002:866.156   Data:  57 FB 94 F8 41 30 73 E7 68 46 01 F0 69 F8 94 F8 ...
T57B8 002:866.164   completely In flash
T57B8 002:866.170 - 0.020ms returns 0xBB0
T57B8 002:866.350 JLINK_WriteMem(0x00003A90, 0xBC0 Bytes, ...)
T57B8 002:866.355   Data:  E9 D1 4F F0 06 0E 48 F2 10 04 70 46 16 E0 93 F9 ...
T57B8 002:866.362   completely In flash
T57B8 002:866.369 - 0.018ms returns 0xBC0
T57B8 002:866.543 JLINK_WriteMem(0x00004650, 0xBA0 Bytes, ...)
T57B8 002:866.548   Data:  04 46 33 88 8A B0 03 F4 7F 43 B3 F5 E0 6F 0B D0 ...
T57B8 002:866.557   completely In flash
T57B8 002:866.563 - 0.020ms returns 0xBA0
T57B8 002:866.737 JLINK_WriteMem(0x000051F0, 0xBB0 Bytes, ...)
T57B8 002:866.742   Data:  CC F8 14 10 70 47 07 20 5D F8 04 4B 70 47 01 20 ...
T57B8 002:866.750   completely In flash
T57B8 002:866.756 - 0.019ms returns 0xBB0
T57B8 002:866.976 JLINK_WriteMem(0x00005DA0, 0xBC0 Bytes, ...)
T57B8 002:866.986   Data:  8C FC 58 BF 4E F4 00 6E 7D 00 82 F8 DF C0 48 BF ...
T57B8 002:866.996   completely In flash
T57B8 002:867.002 - 0.026ms returns 0xBC0
T57B8 002:867.176 JLINK_WriteMem(0x00006960, 0xBC0 Bytes, ...)
T57B8 002:867.181   Data:  CB 41 48 31 0D F5 EB 42 08 46 48 32 02 F0 D2 FE ...
T57B8 002:867.188   completely In flash
T57B8 002:867.194 - 0.018ms returns 0xBC0
T57B8 002:867.351 JLINK_WriteMem(0x00007520, 0xBC0 Bytes, ...)
T57B8 002:867.356   Data:  53 40 1E 9A 62 40 16 05 46 EA 13 36 1B 05 43 EA ...
T57B8 002:867.364   completely In flash
T57B8 002:867.371 - 0.020ms returns 0xBC0
T57B8 002:867.542 JLINK_WriteMem(0x000080E0, 0xBD0 Bytes, ...)
T57B8 002:867.547   Data:  37 50 0D F5 B9 62 72 A9 08 30 02 F0 A8 F9 0D F5 ...
T57B8 002:867.554   completely In flash
T57B8 002:867.560 - 0.018ms returns 0xBD0
T57B8 002:867.730 JLINK_WriteMem(0x00008CB0, 0xBB0 Bytes, ...)
T57B8 002:867.735   Data:  00 20 57 1E 87 32 17 F8 01 3F 03 F0 0F 0E BE F1 ...
T57B8 002:867.763   completely In flash
T57B8 002:867.769 - 0.039ms returns 0xBB0
T57B8 002:867.942 JLINK_WriteMem(0x00009860, 0xBB0 Bytes, ...)
T57B8 002:867.947   Data:  C9 1A 01 60 50 13 70 47 42 F6 0B 42 01 F1 7F 03 ...
T57B8 002:867.955   completely In flash
T57B8 002:867.962 - 0.019ms returns 0xBB0
T57B8 002:868.134 JLINK_WriteMem(0x0000A410, 0xBB0 Bytes, ...)
T57B8 002:868.139   Data:  04 46 00 F5 A0 55 20 46 04 F5 80 64 FF F7 84 FC ...
T57B8 002:868.146   completely In flash
T57B8 002:868.152 - 0.018ms returns 0xBB0
T57B8 002:868.322 JLINK_WriteMem(0x0000AFC0, 0xBC0 Bytes, ...)
T57B8 002:868.327   Data:  0B 78 05 31 43 EA 04 23 C3 F3 09 03 03 60 11 F8 ...
T57B8 002:868.336   completely In flash
T57B8 002:868.343 - 0.021ms returns 0xBC0
T57B8 002:868.516 JLINK_WriteMem(0x0000BB80, 0xB80 Bytes, ...)
T57B8 002:868.522   Data:  01 30 3A D0 23 68 2B 44 23 60 D8 F8 00 30 5A 68 ...
T57B8 002:868.528   completely In flash
T57B8 002:868.534 - 0.017ms returns 0xB80
T57B8 002:868.707 JLINK_WriteMem(0x0000C700, 0xB90 Bytes, ...)
T57B8 002:868.712   Data:  13 43 06 FB 00 A0 4F EA 10 42 80 B2 06 FB 03 23 ...
T57B8 002:868.718   completely In flash
T57B8 002:868.724 - 0.017ms returns 0xB90
T57B8 002:868.895 JLINK_WriteMem(0x0000D290, 0xBB0 Bytes, ...)
T57B8 002:868.900   Data:  0A 22 58 46 00 F0 06 F9 05 46 F0 E7 00 9B 00 27 ...
T57B8 002:868.909   completely In flash
T57B8 002:868.915 - 0.020ms returns 0xBB0
T57B8 002:869.083 JLINK_WriteMem(0x0000DE40, 0xBE0 Bytes, ...)
T57B8 002:869.088   Data:  02 D8 B4 EB 50 0F F4 D8 21 46 38 46 FD F7 60 FE ...
T57B8 002:869.095   completely In flash
T57B8 002:869.101 - 0.018ms returns 0xBE0
T57B8 002:869.269 JLINK_WriteMem(0x0000EA20, 0xBE0 Bytes, ...)
T57B8 002:869.274   Data:  20 25 64 0A 0D 0A 0D 00 0D 0A 51 49 53 50 41 43 ...
T57B8 002:869.280   completely In flash
T57B8 002:869.286 - 0.017ms returns 0xBE0
T57B8 002:869.426 JLINK_WriteMem(0x0000F600, 0x978 Bytes, ...)
T57B8 002:869.431   Data:  E6 E0 0D 00 5A 7F 0C 00 83 8F 07 00 8A 62 E7 FF ...
T57B8 002:869.437   completely In flash
T57B8 002:869.443 - 0.017ms returns 0x978
T57B8 002:869.685 JLINK_WriteMem(0x0000FF78, 0x650 Bytes, ...)
T57B8 002:869.699   Data:  00 87 93 03 00 1B B7 00 80 8D 5B 00 E7 03 00 00 ...
T57B8 002:869.735   completely In flash
T57B8 002:869.742 - 0.057ms returns 0x650
T57B8 002:870.008 JLINK_WriteMem(0x0100A100, 0x14 Bytes, ...)
T57B8 002:870.016   Data:  FF FF FF FF FF FF FF FF FF FF FF FF FF FF FF FF ...
T57B8 002:870.274   completely In flash
T57B8 002:870.283 - 0.275ms returns 0x14
T57B8 002:870.740 JLINK_WriteMem(0x0100A134, 0x4 Bytes, ...)
T57B8 002:870.753   Data:  FF FF FF FF
T57B8 002:870.762   completely In flash
T57B8 002:870.768 - 0.028ms returns 0x4
T57B8 002:871.059 JLINK_WriteMem(0x0100A200, 0xD0 Bytes, ...)
T57B8 002:871.070   Data:  FF FD FF FF FF FF FF FF FF FF FF FF FF FF FF FF ...
T57B8 002:871.078   completely In flash
T57B8 002:871.085 - 0.026ms returns 0xD0
T57B8 002:895.483 JLINK_EndDownload()
T57B8 002:896.029   CPU_ReadMem(4 bytes @ 0xE000ED90)
T57B8 002:896.970   CPU_ReadMem(4 bytes @ 0xE000ED94)
T57B8 002:897.918    -- --------------------------------------
T57B8 002:897.953    -- Start of determining flash info (Bank @ 0x0100A100)
T57B8 002:897.972    -- End of determining flash info
T57B8 002:897.984    -- Start of determining dirty areas in flash cache
T57B8 002:898.000    -- Filling invalid ranges in sector buffer (flash cache) for sector @ 0x0100A100 if necessary
T57B8 002:898.014    -- Filling invalid ranges in sector buffer (flash cache) for sector @ 0x0100A110 if necessary
T57B8 002:898.035    -- Filling invalid ranges in sector buffer (flash cache) for sector @ 0x0100A130 if necessary
T57B8 002:898.048    -- Filling invalid ranges in sector buffer (flash cache) for sector @ 0x0100A200 if necessary
T57B8 002:898.075    -- Filling invalid ranges in sector buffer (flash cache) for sector @ 0x0100A210 if necessary
T57B8 002:898.087    -- Filling invalid ranges in sector buffer (flash cache) for sector @ 0x0100A220 if necessary
T57B8 002:898.100    -- Filling invalid ranges in sector buffer (flash cache) for sector @ 0x0100A230 if necessary
T57B8 002:898.112    -- Filling invalid ranges in sector buffer (flash cache) for sector @ 0x0100A240 if necessary
T57B8 002:898.125    -- Filling invalid ranges in sector buffer (flash cache) for sector @ 0x0100A250 if necessary
T57B8 002:898.138    -- Filling invalid ranges in sector buffer (flash cache) for sector @ 0x0100A260 if necessary
T57B8 002:898.151    -- Filling invalid ranges in sector buffer (flash cache) for sector @ 0x0100A270 if necessary
T57B8 002:898.163    -- Filling invalid ranges in sector buffer (flash cache) for sector @ 0x0100A280 if necessary
T57B8 002:898.176    -- Filling invalid ranges in sector buffer (flash cache) for sector @ 0x0100A290 if necessary
T57B8 002:898.188    -- Filling invalid ranges in sector buffer (flash cache) for sector @ 0x0100A2A0 if necessary
T57B8 002:898.201    -- Filling invalid ranges in sector buffer (flash cache) for sector @ 0x0100A2B0 if necessary
T57B8 002:898.214    -- Filling invalid ranges in sector buffer (flash cache) for sector @ 0x0100A2C0 if necessary
T57B8 002:898.226    -- End of determining dirty areas
T57B8 002:898.238    -- Start of preparing flash programming
T57B8 002:898.252    -- Preparing RAMCode
T57B8 002:898.264    -- Calculating RAM usage
T57B8 002:898.277    -- RAM usage = 5120 Bytes
T57B8 002:898.288    -- Preserving CPU registers
T57B8 002:898.352    -- Preparing memory
T57B8 002:898.364    -- Determining CPU clock frequency
T57B8 002:959.986    -- CPU frequency = 2075 kHz
T57B8 002:960.045    -- Preparing target
T57B8 002:960.065    -- Preserving target RAM temporarily used for programming
T57B8 003:020.547    -- Downloading RAMCode
T57B8 003:101.384    -- Initializing RAMCode (InitType: 3 = Verify)
T57B8 003:101.457    -- Executing Init(3)
T57B8 003:127.083    -- End of preparing flash programming
T57B8 003:127.207   
  ***** Warning: 
T57B8 003:127.232   CPU is running at low speed (2075 kHz).
T57B8 003:127.257    -- CPU is running at 2075 kHz.
T57B8 003:127.287    -- Start of comparing flash
T57B8 003:127.316    -- Flash algorithm supports a native verify function which is used to compare the flash content.
T57B8 003:127.352    -- Comparing range 0x100A100 - 0x100A11F (2 Sectors, 32 Bytes), using verify function of the RAMCode
T57B8 003:130.658    -- Data matches for sectors 0-1
T57B8 003:130.728    -- Comparing range 0x100A130 - 0x100A13F (1 Sector, 16 Bytes), using verify function of the RAMCode
T57B8 003:133.345    -- Data matches for sector 3
T57B8 003:133.396    -- Comparing range 0x100A200 - 0x100A2CF (13 Sectors, 208 Bytes), using verify function of the RAMCode
T57B8 003:139.740    -- Data matches for sectors 16-28
T57B8 003:139.793    -- End of comparing flash
T57B8 003:139.819    -- Start of erasing sectors
T57B8 003:139.840    -- End of erasing sectors
T57B8 003:139.876    -- Start of flash programming
T57B8 003:139.897    -- End of flash programming
T57B8 003:139.932    -- Start of verifying flash
T57B8 003:139.951    -- End of verifying flash
T57B8 003:139.971    -- Start of restoring
T57B8 003:139.992    -- Executing UnInit()
T57B8 003:149.822    -- Restoring target memory
T57B8 003:202.592    -- Restoring CPU registers
T57B8 003:203.773    -- End of restoring
T57B8 003:203.823    -- Bank 0 @ 0x0100A100: Skipped. Contents already match
T57B8 003:203.842    -- Bank 0 @ 0x0100A100: Skipped. Contents already match
T57B8 003:203.866    -- --------------------------------------
T57B8 003:203.885    -- Flash bank @ 0x00000000: Default: L2 verify disabled because algorithm performs L1 verify
T57B8 003:203.904    -- Start of determining dirty areas in flash cache
T57B8 003:203.925    -- Filling invalid ranges in sector buffer (flash cache) for sector @ 0x00000000 if necessary
T57B8 003:203.945    -- Filling invalid ranges in sector buffer (flash cache) for sector @ 0x00002000 if necessary
T57B8 003:203.964    -- Filling invalid ranges in sector buffer (flash cache) for sector @ 0x00004000 if necessary
T57B8 003:203.984    -- Filling invalid ranges in sector buffer (flash cache) for sector @ 0x00006000 if necessary
T57B8 003:204.004    -- Filling invalid ranges in sector buffer (flash cache) for sector @ 0x00008000 if necessary
T57B8 003:204.023    -- Filling invalid ranges in sector buffer (flash cache) for sector @ 0x0000A000 if necessary
T57B8 003:204.042    -- Filling invalid ranges in sector buffer (flash cache) for sector @ 0x0000C000 if necessary
T57B8 003:204.061    -- Filling invalid ranges in sector buffer (flash cache) for sector @ 0x0000E000 if necessary
T57B8 003:204.080    -- Filling invalid ranges in sector buffer (flash cache) for sector @ 0x00010000 if necessary
T57B8 003:204.911    -- End of determining dirty areas
T57B8 003:204.930    -- Start of preparing flash programming
T57B8 003:204.947    -- Calculating RAM usage
T57B8 003:205.199    -- RAM usage = 6548 Bytes
T57B8 003:205.217    -- Preserving CPU registers
T57B8 003:205.284    -- Determining CPU clock frequency
T57B8 003:269.070    -- Preparing target
T57B8 003:269.138    -- Preserving target RAM temporarily used for programming
T57B8 003:347.135    -- Downloading RAMCode
T57B8 003:395.835    -- Preparing RAMCode
T57B8 003:421.231    -- CPU frequency = 100000 kHz
T57B8 003:421.306    -- End of preparing flash programming
T57B8 003:421.342    -- CPU is running at 100000 kHz.
T57B8 003:421.370    -- Start of comparing flash
T57B8 003:421.396    -- CRC check was estimated as fastest method
T57B8 003:421.427    -- Comparing range 0x0000 - 0xFFFF (8 Sectors, 64 KB), using multi-block CRC calculation
T57B8 003:451.550    -- All CRCs match
T57B8 003:451.608    -- Comparing range 0x10000 - 0x17FFF (1 Sector, 32 KB), using multi-block CRC calculation
T57B8 003:468.282    -- All CRCs match
T57B8 003:468.339    -- Comparing range 0x0000 - 0xFFFF (8 Sectors, 64 KB), using alternative multi-block CRC calculation
T57B8 003:498.412    -- All CRCs match
T57B8 003:498.466    -- Comparing range 0x10000 - 0x17FFF (1 Sector, 32 KB), using alternative multi-block CRC calculation
T57B8 003:514.994    -- All CRCs match
T57B8 003:515.044    -- End of comparing flash
T57B8 003:515.068    -- Start of erasing sectors
T57B8 003:515.085    -- End of erasing sectors
T57B8 003:515.103    -- Start of flash programming
T57B8 003:515.120    -- End of flash programming
T57B8 003:515.138    -- Start of restoring
T57B8 003:515.156    -- Restoring RAMCode
T57B8 003:524.105    -- Restoring target memory
T57B8 003:591.555    -- Restore target
T57B8 003:591.585    -- Restoring CPU registers
T57B8 003:592.756    -- End of restoring
T57B8 003:592.788    -- Bank 1 @ 0x00000000: Skipped. Contents already match
T57B8 003:592.798    -- Bank 1 @ 0x00000000: Skipped. Contents already match
T57B8 003:608.416 - 712.932ms returns 0 (0x0)
T57B8 003:609.380 JLINK_WriteReg(R15 (PC), 0x00006334)
T57B8 003:609.404 - 0.024ms returns 0
T57B8 003:609.414 JLINK_WriteReg(XPSR, 0x01000000)
T57B8 003:609.419 - 0.005ms returns 0
T57B8 003:610.341 JLINK_SetEndian(ARM_ENDIAN_LITTLE)
T57B8 003:610.358 - 0.016ms returns 0
T57B8 003:632.538 JLINK_ReadReg(XPSR)
T57B8 003:632.583 - 0.045ms returns 0x01000000
T57B8 003:633.118 JLINK_ReadMem(0x00006334, 0x4 Bytes, ...)
T57B8 003:633.146   CPU_ReadMem(64 bytes @ 0x00006300)
T57B8 003:634.601    -- Updating C cache (64 bytes @ 0x00006300)
T57B8 003:634.611    -- Read from C cache (4 bytes @ 0x00006334)
T57B8 003:634.617   Data:  08 B5 00 F0
T57B8 003:634.624 - 1.506ms returns 0
T57B8 003:637.096 JLINK_ReadReg(XPSR)
T57B8 003:637.125 - 0.028ms returns 0x01000000
T57B8 003:637.644 JLINK_ReadMem(0x00006334, 0x4 Bytes, ...)
T57B8 003:637.665    -- Read from C cache (4 bytes @ 0x00006334)
T57B8 003:637.674   Data:  08 B5 00 F0
T57B8 003:637.682 - 0.038ms returns 0
T57B8 004:037.068 JLINK_GetNumBPUnits(Type = 0xFFFFFF00)
T57B8 004:037.101 - 0.033ms returns 0x08
T57B8 004:037.107 JLINK_GetNumWPUnits()
T57B8 004:037.111 - 0.004ms returns 4
T57B8 004:037.116 JLINK_GetNumWPUnits()
T57B8 004:037.120 - 0.004ms returns 4
T57B8 004:037.128 JLINK_GetNumBPUnits(Type = 0xFFFFFF00)
T57B8 004:037.132 - 0.004ms returns 0x08
T57B8 004:037.137 JLINK_GetNumWPUnits()
T57B8 004:037.144 - 0.006ms returns 4
T57B8 004:037.148 JLINK_GetNumWPUnits()
T57B8 004:037.152 - 0.003ms returns 4
T57B8 004:037.170 JLINK_GetNumBPUnits(Type = 0xFFFFFF00)
T57B8 004:037.174 - 0.004ms returns 0x08
T57B8 004:037.178 JLINK_GetNumWPUnits()
T57B8 004:037.182 - 0.004ms returns 4
T57B8 004:037.187 JLINK_GetNumWPUnits()
T57B8 004:037.191 - 0.004ms returns 4
T57B8 004:037.229 JLINK_SetBPEx(Addr = 0x00000A90, Type = 0xFFFFFF00)
T57B8 004:037.241 - 0.012ms returns 0x00000001
T57B8 004:037.248 JLINK_ClrBPEx(BPHandle = 0x00000001)
T57B8 004:037.956 - 0.706ms returns 0x00
T57B8 004:053.461 JLINK_ReadMem(0x00000A80, 0x40 Bytes, ...)
T57B8 004:053.539   CPU_ReadMem(64 bytes @ 0x00000A80)
T57B8 004:055.146    -- Updating C cache (64 bytes @ 0x00000A80)
T57B8 004:055.171    -- Read from C cache (64 bytes @ 0x00000A80)
T57B8 004:055.178   Data:  E5 E7 00 BF A4 06 00 20 E8 EE 00 00 A4 07 00 20 ...
T57B8 004:055.185 - 1.723ms returns 0
T57B8 004:055.758 JLINK_ReadMem(0x00000A90, 0x2 Bytes, ...)
T57B8 004:055.780    -- Read from C cache (2 bytes @ 0x00000A90)
T57B8 004:055.787   Data:  08 B5
T57B8 004:055.795 - 0.037ms returns 0
T57B8 004:056.131 JLINK_SetBPEx(Addr = 0x00000A90, Type = 0xFFFFFF00)
T57B8 004:056.158 - 0.027ms returns 0x00000002
T57B8 004:115.700 JLINK_ReadRegs(NumRegs = 22, Indexes: 0, 1, 2, 3, 4, 5, 6, 7, 8, 9, 10, 11, 12, 13, 14, 15, 16, 17, 18, 86, 87, 20)
T57B8 004:115.754    -- R0=0x00, R1=0x00, R2=0x00, R3=0x00, R4=0x00, R5=0x00, R6=0x00, R7=0x00, R8=0x200006A0, R9=0x200007CC, R10=0x20007FDE, R11=0x01, R12=0x2005AFEC, R13 (SP)=0x2005B480, R14=0xFFFFFFFF, R15 (PC)=0x6334, XPSR=0x1000000, MSP=0x2005B480, PSP=0x00, MSPLIM=0x00, PSPLIM=0x00, CFBP=0x00
T57B8 004:115.762 - 0.062ms returns 0x00
T57B8 004:116.175 JLINK_ReadReg(XPSR)
T57B8 004:116.196 - 0.020ms returns 0x01000000
T57B8 004:116.905 JLINK_ReadMem(0x00006334, 0x4 Bytes, ...)
T57B8 004:116.920    -- Read from C cache (4 bytes @ 0x00006334)
T57B8 004:116.928   Data:  08 B5 00 F0
T57B8 004:116.934 - 0.029ms returns 0
T27C8 004:130.535 JLINK_GetNumBPUnits(Type = 0xFFFFFF00)
T27C8 004:130.560 - 0.024ms returns 0x08
T27C8 004:130.566 JLINK_GetNumWPUnits()
T27C8 004:130.571 - 0.004ms returns 4
T27C8 004:130.576 JLINK_GetNumWPUnits()
T27C8 004:130.580 - 0.004ms returns 4
T27C8 004:130.996 JLINK_GetNumBPUnits(Type = 0xFFFFFF00)
T27C8 004:131.024 - 0.028ms returns 0x08
T27C8 004:131.035 JLINK_GetNumWPUnits()
T27C8 004:131.076 - 0.040ms returns 4
T27C8 004:131.090 JLINK_GetNumWPUnits()
T27C8 004:131.095 - 0.004ms returns 4
T27C8 004:132.373 JLINK_GetNumBPUnits(Type = 0xFFFFFF00)
T27C8 004:132.396 - 0.023ms returns 0x08
T27C8 004:132.406 JLINK_GetNumWPUnits()
T27C8 004:132.414 - 0.007ms returns 4
T27C8 004:132.423 JLINK_GetNumWPUnits()
T27C8 004:132.431 - 0.007ms returns 4
T27C8 004:132.924 JLINK_ReadReg(XPSR)
T27C8 004:132.953 - 0.028ms returns 0x01000000
T27C8 004:132.961 JLINK_ReadReg(R15 (PC))
T27C8 004:132.967 - 0.006ms returns 0x00006334
T27C8 004:133.636 JLINK_GetNumBPUnits(Type = 0xFFFFFF00)
T27C8 004:133.658 - 0.022ms returns 0x08
T27C8 004:133.668 JLINK_GetNumWPUnits()
T27C8 004:133.677 - 0.008ms returns 4
T27C8 004:133.687 JLINK_GetNumWPUnits()
T27C8 004:133.694 - 0.007ms returns 4
T27C8 004:133.909 JLINK_GetNumBPUnits(Type = 0xFFFFFF00)
T27C8 004:133.926 - 0.017ms returns 0x08
T27C8 004:133.934 JLINK_GetNumWPUnits()
T27C8 004:133.938 - 0.004ms returns 4
T27C8 004:133.943 JLINK_GetNumWPUnits()
T27C8 004:133.947 - 0.004ms returns 4
T27C8 004:134.166 JLINK_GetNumBPUnits(Type = 0xFFFFFF00)
T27C8 004:134.178 - 0.012ms returns 0x08
T27C8 004:134.184 JLINK_GetNumWPUnits()
T27C8 004:134.188 - 0.004ms returns 4
T27C8 004:134.193 JLINK_GetNumWPUnits()
T27C8 004:134.197 - 0.004ms returns 4
T27C8 004:134.444 JLINK_GetNumBPUnits(Type = 0xFFFFFF00)
T27C8 004:134.454 - 0.010ms returns 0x08
T27C8 004:134.460 JLINK_GetNumWPUnits()
T27C8 004:134.466 - 0.006ms returns 4
T27C8 004:134.471 JLINK_GetNumWPUnits()
T27C8 004:134.475 - 0.004ms returns 4
T27C8 004:134.646 JLINK_GetNumBPUnits(Type = 0xFFFFFF00)
T27C8 004:134.652 - 0.006ms returns 0x08
T27C8 004:134.657 JLINK_GetNumWPUnits()
T27C8 004:134.661 - 0.004ms returns 4
T27C8 004:134.666 JLINK_GetNumWPUnits()
T27C8 004:134.670 - 0.004ms returns 4
T57B8 004:239.517 JLINK_ReadReg(XPSR)
T57B8 004:239.561 - 0.043ms returns 0x01000000
T57B8 004:240.214 JLINK_ReadMem(0x00006334, 0x4 Bytes, ...)
T57B8 004:240.235    -- Read from C cache (4 bytes @ 0x00006334)
T57B8 004:240.242   Data:  08 B5 00 F0
T57B8 004:240.249 - 0.035ms returns 0
T57B8 005:246.064 JLINK_ReadReg(XPSR)
T57B8 005:246.732 - 0.668ms returns 0x01000000
T57B8 005:247.675 JLINK_ReadReg(XPSR)
T57B8 005:247.697 - 0.021ms returns 0x01000000
T57B8 009:292.802 JLINK_STRACE_Read(..., NumItems = 0x10000)
T57B8 009:292.861   Initializing trace type buffer with configured Coresight trace components (* indicates set/detected address):
T57B8 009:292.872    *TF:   0xE0047000
T57B8 009:292.880     TMC:  0x00000000
T57B8 009:292.888    *ETB:  0xE0048000
T57B8 009:292.896     MTB:  0x00000000
T57B8 009:292.904    *TPIU: 0xE0040000
T57B8 009:292.911    *ETM:  0xE0041000
T57B8 009:292.918     STM:  0x00000000
T57B8 009:292.926     PTM:  0x00000000
T57B8 009:293.512 - 0.708ms NumItemsRead = 0x00
T57B8 009:293.568 JLINK_IsHalted()
T57B8 009:294.338 - 0.768ms returns TRUE
T57B8 009:294.387 JLINK_STRACE_Read(..., NumItems = 0x10000)
T57B8 009:294.406 - 0.020ms NumItemsRead = 0x00
T57B8 009:294.429 JLINK_GoEx(MaxEmulInsts = 0, Flags = 0x01)
T57B8 009:294.464   CPU_WriteMem(4 bytes @ 0xE0002000)
T57B8 009:295.416   CPU_ReadMem(4 bytes @ 0xE0001000)
T57B8 009:296.322   CPU_WriteMem(4 bytes @ 0xE0002008)
T57B8 009:304.555   Memory map 'after startup completion point' is active
T57B8 009:304.596 - 10.167ms 
T57B8 009:401.343 JLINK_IsHalted()
T57B8 009:408.686 - 7.342ms returns TRUE
T57B8 009:408.780 JLINK_ReadReg(XPSR)
T57B8 009:408.813   CPU_ReadMem(4 bytes @ 0xE000EE08)
T57B8 009:409.991 - 1.209ms returns 0x61000000
T57B8 009:410.088 JLINK_ReadReg(R15 (PC))
T57B8 009:410.121 - 0.032ms returns 0x00000A90
T57B8 009:410.150 JLINK_ReadReg(XPSR)
T57B8 009:410.168 - 0.019ms returns 0x61000000
T57B8 009:410.198 JLINK_ReadReg(XPSR)
T57B8 009:410.217 - 0.018ms returns 0x61000000
T57B8 009:410.235 JLINK_ReadReg(R15 (PC))
T57B8 009:410.253 - 0.017ms returns 0x00000A90
T57B8 009:410.273 JLINK_ReadReg(XPSR)
T57B8 009:410.288 - 0.015ms returns 0x61000000
T57B8 009:410.306 JLINK_ReadReg(XPSR)
T57B8 009:410.321 - 0.015ms returns 0x61000000
T57B8 009:410.349 JLINK_ReadMem(0x00000A90, 0x1 Bytes, ...)
T57B8 009:410.378   CPU_ReadMem(64 bytes @ 0x00000A80)
T57B8 009:412.185    -- Updating C cache (64 bytes @ 0x00000A80)
T57B8 009:412.232    -- Read from C cache (1 bytes @ 0x00000A90)
T57B8 009:412.252   Data:  08
T57B8 009:412.271 - 1.922ms returns 0
T57B8 009:412.317 JLINK_IsHalted()
T57B8 009:412.344 - 0.027ms returns TRUE
T57B8 009:412.368 JLINK_ReadReg(XPSR)
T57B8 009:412.388 - 0.020ms returns 0x61000000
T57B8 009:412.404 JLINK_ReadReg(XPSR)
T57B8 009:412.418 - 0.013ms returns 0x61000000
T57B8 009:412.634 JLINK_ReadReg(R15 (PC))
T57B8 009:412.694 - 0.060ms returns 0x00000A90
T57B8 009:412.718 JLINK_ReadReg(XPSR)
T57B8 009:412.732 - 0.014ms returns 0x61000000
T57B8 009:412.747 JLINK_ReadReg(XPSR)
T57B8 009:412.760 - 0.013ms returns 0x61000000
T57B8 009:412.776 JLINK_ReadMem(0x00000A90, 0x1 Bytes, ...)
T57B8 009:412.794    -- Read from C cache (1 bytes @ 0x00000A90)
T57B8 009:412.814   Data:  08
T57B8 009:412.832 - 0.056ms returns 0
T57B8 009:412.951 JLINK_IsHalted()
T57B8 009:412.966 - 0.015ms returns TRUE
T57B8 009:412.982 JLINK_ReadReg(XPSR)
T57B8 009:412.996 - 0.013ms returns 0x61000000
T57B8 009:413.011 JLINK_ReadReg(R15 (PC))
T57B8 009:413.024 - 0.013ms returns 0x00000A90
T57B8 009:413.038 JLINK_ReadReg(XPSR)
T57B8 009:413.052 - 0.013ms returns 0x61000000
T57B8 009:413.066 JLINK_ReadReg(XPSR)
T57B8 009:413.079 - 0.012ms returns 0x61000000
T57B8 009:413.093 JLINK_ReadReg(R15 (PC))
T57B8 009:413.106 - 0.013ms returns 0x00000A90
T57B8 009:413.121 JLINK_ReadReg(XPSR)
T57B8 009:413.134 - 0.013ms returns 0x61000000
T57B8 009:413.148 JLINK_ReadReg(XPSR)
T57B8 009:413.161 - 0.013ms returns 0x61000000
T57B8 009:413.176 JLINK_ReadMem(0x00000A90, 0x1 Bytes, ...)
T57B8 009:413.190    -- Read from C cache (1 bytes @ 0x00000A90)
T57B8 009:413.206   Data:  08
T57B8 009:413.224 - 0.048ms returns 0
T57B8 009:413.238 JLINK_IsHalted()
T57B8 009:413.250 - 0.011ms returns TRUE
T57B8 009:413.265 JLINK_ReadReg(XPSR)
T57B8 009:413.278 - 0.013ms returns 0x61000000
T57B8 009:413.292 JLINK_ReadReg(XPSR)
T57B8 009:413.306 - 0.012ms returns 0x61000000
T57B8 009:413.319 JLINK_ReadReg(R15 (PC))
T57B8 009:413.333 - 0.012ms returns 0x00000A90
T57B8 009:413.347 JLINK_ReadReg(XPSR)
T57B8 009:413.360 - 0.012ms returns 0x61000000
T57B8 009:413.374 JLINK_ReadReg(XPSR)
T57B8 009:413.387 - 0.013ms returns 0x61000000
T57B8 009:413.401 JLINK_ReadMem(0x00000A90, 0x1 Bytes, ...)
T57B8 009:413.414    -- Read from C cache (1 bytes @ 0x00000A90)
T57B8 009:413.430   Data:  08
T57B8 009:413.447 - 0.046ms returns 0
T57B8 009:415.115 JLINK_ReadRegs(NumRegs = 22, Indexes: 0, 1, 2, 3, 4, 5, 6, 7, 8, 9, 10, 11, 12, 13, 14, 15, 16, 17, 18, 86, 87, 20)
T57B8 009:415.198    -- R0=0x00, R1=0x11F, R2=0x00, R3=0x60, R4=0x00, R5=0x00, R6=0x00, R7=0x00, R8=0x200006A0, R9=0x200007CC, R10=0x20007FDE, R11=0x01, R12=0x200, R13 (SP)=0x2005B478, R14=0x633F, R15 (PC)=0xA90, XPSR=0x61000000, MSP=0x2005B478, PSP=0x00, MSPLIM=0x2000E3F0, PSPLIM=0x00, CFBP=0x00
T57B8 009:415.217 - 0.102ms returns 0x00
T57B8 009:416.487 JLINK_ReadReg(XPSR)
T57B8 009:416.533 - 0.044ms returns 0x61000000
T57B8 009:417.858 JLINK_ReadMem(0x00000A90, 0x4 Bytes, ...)
T57B8 009:417.908    -- Read from C cache (4 bytes @ 0x00000A90)
T57B8 009:417.926   Data:  08 B5 FF F7
T57B8 009:417.943 - 0.086ms returns 0
T57B8 009:419.326 JLINK_ClrBPEx(BPHandle = 0x00000002)
T57B8 009:419.370 - 0.044ms returns 0x00
T57B8 009:447.749 JLINK_ReadMem(0x00000A90, 0x4 Bytes, ...)
T57B8 009:447.806    -- Read from C cache (4 bytes @ 0x00000A90)
T57B8 009:447.824   Data:  08 B5 FF F7
T57B8 009:447.846 - 0.097ms returns 0
T57B8 009:588.270 JLINK_ReadReg(XPSR)
T57B8 009:588.313 - 0.042ms returns 0x61000000
T57B8 009:589.419 JLINK_ReadReg(XPSR)
T57B8 009:589.443 - 0.024ms returns 0x61000000
T57B8 010:088.942 JLINK_STRACE_Read(..., NumItems = 0x10000)
T57B8 010:089.118 - 0.175ms NumItemsRead = 0x00
T57B8 010:089.311 JLINK_IsHalted()
T57B8 010:090.138 - 0.825ms returns TRUE
T57B8 010:090.224 JLINK_STRACE_Read(..., NumItems = 0x10000)
T57B8 010:090.247 - 0.023ms NumItemsRead = 0x00
T57B8 010:090.272 JLINK_GoEx(MaxEmulInsts = 0, Flags = 0x01)
T57B8 010:090.323   CPU_ReadMem(4 bytes @ 0xE0001000)
T57B8 010:091.184   CPU_WriteMem(4 bytes @ 0xE0002008)
T57B8 010:093.203 - 2.930ms 
T57B8 010:198.042 JLINK_IsHalted()
T57B8 010:198.766 - 0.722ms returns FALSE
T57B8 010:198.785 JLINK_IsHalted()
T57B8 010:199.650 - 0.863ms returns FALSE
T57B8 010:308.298 JLINK_IsHalted()
T57B8 010:309.562 - 1.261ms returns FALSE
T57B8 010:309.648 JLINK_IsHalted()
T57B8 010:310.878 - 1.227ms returns FALSE
T57B8 010:416.866 JLINK_IsHalted()
T57B8 010:417.742 - 0.875ms returns FALSE
T57B8 010:417.778 JLINK_IsHalted()
T57B8 010:418.700 - 0.920ms returns FALSE
T27C8 010:421.017 JLINK_ReadReg(XPSR)
T27C8 010:422.150   CPU is running
T27C8 010:422.292   
  ***** Error: 
T27C8 010:422.333   Cannot read register 16 (XPSR) while CPU is running
T27C8 010:422.350 - 1.332ms returns 0x00000000
T27C8 010:422.369 JLINK_ReadReg(R15 (PC))
T27C8 010:423.297   CPU is running
T27C8 010:423.332   
  ***** Error: 
T27C8 010:423.346   Cannot read register 15 (R15) while CPU is running
T27C8 010:423.360 - 0.990ms returns 0x00000000
T57B8 010:526.233 JLINK_IsHalted()
T57B8 010:527.014 - 0.779ms returns FALSE
T57B8 010:527.046 JLINK_IsHalted()
T57B8 010:527.714 - 0.665ms returns FALSE
T57B8 010:635.546 JLINK_IsHalted()
T57B8 010:636.517 - 0.969ms returns FALSE
T57B8 010:636.624 JLINK_IsHalted()
T57B8 010:637.364 - 0.739ms returns FALSE
T57B8 010:745.410 JLINK_IsHalted()
T57B8 010:746.220 - 0.809ms returns FALSE
T57B8 010:746.240 JLINK_IsHalted()
T57B8 010:747.016 - 0.775ms returns FALSE
T57B8 010:854.636 JLINK_IsHalted()
T57B8 010:855.620 - 0.983ms returns FALSE
T57B8 010:855.639 JLINK_IsHalted()
T57B8 010:856.560 - 0.919ms returns FALSE
T57B8 010:964.582 JLINK_IsHalted()
T57B8 010:965.466 - 0.883ms returns FALSE
T57B8 010:965.488 JLINK_IsHalted()
T57B8 010:966.260 - 0.770ms returns FALSE
T57B8 011:073.403 JLINK_IsHalted()
T57B8 011:074.196 - 0.792ms returns FALSE
T57B8 011:074.221 JLINK_IsHalted()
T57B8 011:074.821 - 0.599ms returns FALSE
T57B8 011:182.866 JLINK_IsHalted()
T57B8 011:183.516 - 0.649ms returns FALSE
T57B8 011:183.538 JLINK_IsHalted()
T57B8 011:184.190 - 0.650ms returns FALSE
T57B8 011:291.720 JLINK_IsHalted()
T57B8 011:292.427 - 0.706ms returns FALSE
T57B8 011:292.441 JLINK_IsHalted()
T57B8 011:293.008 - 0.566ms returns FALSE
T57B8 011:401.528 JLINK_IsHalted()
T57B8 011:402.529 - 0.999ms returns FALSE
T57B8 011:402.632 JLINK_IsHalted()
T57B8 011:403.327 - 0.693ms returns FALSE
T27C8 011:424.592 JLINK_IsHalted()
T27C8 011:425.345 - 0.752ms returns FALSE
T27C8 011:425.370 JLINK_IsHalted()
T27C8 011:426.140 - 0.770ms returns FALSE
T57B8 011:511.316 JLINK_IsHalted()
T57B8 011:512.417 - 1.100ms returns FALSE
T57B8 011:512.462 JLINK_IsHalted()
T57B8 011:513.423 - 0.960ms returns FALSE
T57B8 011:620.874 JLINK_IsHalted()
T57B8 011:622.129 - 1.254ms returns FALSE
T57B8 011:622.204 JLINK_IsHalted()
T57B8 011:623.264 - 1.058ms returns FALSE
T57B8 011:730.237 JLINK_IsHalted()
T57B8 011:731.354 - 1.115ms returns FALSE
T57B8 011:731.405 JLINK_IsHalted()
T57B8 011:732.497 - 1.090ms returns FALSE
T57B8 011:839.366 JLINK_IsHalted()
T57B8 011:840.130 - 0.762ms returns FALSE
T57B8 011:840.158 JLINK_IsHalted()
T57B8 011:840.767 - 0.608ms returns FALSE
T57B8 011:948.358 JLINK_IsHalted()
T57B8 011:949.558 - 1.198ms returns FALSE
T57B8 011:949.615 JLINK_IsHalted()
T57B8 011:950.609 - 0.991ms returns FALSE
T57B8 012:057.682 JLINK_IsHalted()
T57B8 012:058.971 - 1.287ms returns FALSE
T57B8 012:059.029 JLINK_IsHalted()
T57B8 012:060.301 - 1.269ms returns FALSE
T57B8 012:167.366 JLINK_IsHalted()
T57B8 012:168.243 - 0.876ms returns FALSE
T57B8 012:168.290 JLINK_IsHalted()
T57B8 012:169.421 - 1.128ms returns FALSE
T57B8 012:276.923 JLINK_IsHalted()
T57B8 012:277.983 - 1.059ms returns FALSE
T57B8 012:278.036 JLINK_IsHalted()
T57B8 012:279.262 - 1.223ms returns FALSE
T57B8 012:385.641 JLINK_IsHalted()
T57B8 012:386.634 - 0.991ms returns FALSE
T57B8 012:386.678 JLINK_IsHalted()
T57B8 012:387.582 - 0.902ms returns FALSE
T27C8 012:426.926 JLINK_IsHalted()
T27C8 012:427.664 - 0.737ms returns FALSE
T27C8 012:427.695 JLINK_IsHalted()
T27C8 012:428.304 - 0.607ms returns FALSE
T57B8 012:495.290 JLINK_IsHalted()
T57B8 012:496.317 - 1.025ms returns FALSE
T57B8 012:496.376 JLINK_IsHalted()
T57B8 012:497.239 - 0.862ms returns FALSE
T57B8 012:604.750 JLINK_IsHalted()
T57B8 012:605.986 - 1.236ms returns FALSE
T57B8 012:606.050 JLINK_IsHalted()
T57B8 012:607.171 - 1.119ms returns FALSE
T57B8 012:713.883 JLINK_IsHalted()
T57B8 012:715.059 - 1.175ms returns FALSE
T57B8 012:715.111 JLINK_IsHalted()
T57B8 012:716.000 - 0.886ms returns FALSE
T57B8 012:823.810 JLINK_IsHalted()
T57B8 012:824.890 - 1.078ms returns FALSE
T57B8 012:824.949 JLINK_IsHalted()
T57B8 012:825.912 - 0.961ms returns FALSE
T57B8 012:932.711 JLINK_IsHalted()
T57B8 012:933.690 - 0.976ms returns FALSE
T57B8 012:933.733 JLINK_IsHalted()
T57B8 012:934.802 - 1.067ms returns FALSE
T57B8 013:042.711 JLINK_IsHalted()
T57B8 013:043.899 - 1.186ms returns FALSE
T57B8 013:043.973 JLINK_IsHalted()
T57B8 013:044.939 - 0.965ms returns FALSE
T57B8 013:151.834 JLINK_IsHalted()
T57B8 013:152.937 - 1.100ms returns FALSE
T57B8 013:152.987 JLINK_IsHalted()
T57B8 013:154.002 - 1.012ms returns FALSE
T57B8 013:261.173 JLINK_IsHalted()
T57B8 013:262.196 - 1.022ms returns FALSE
T57B8 013:262.232 JLINK_IsHalted()
T57B8 013:263.120 - 0.886ms returns FALSE
T57B8 013:370.762 JLINK_IsHalted()
T57B8 013:371.904 - 1.140ms returns FALSE
T57B8 013:371.956 JLINK_IsHalted()
T57B8 013:372.979 - 1.021ms returns FALSE
T27C8 013:431.200 JLINK_IsHalted()
T27C8 013:432.258 - 1.056ms returns FALSE
T27C8 013:432.302 JLINK_IsHalted()
T27C8 013:433.686 - 1.382ms returns FALSE
T57B8 013:480.262 JLINK_IsHalted()
T57B8 013:481.350 - 1.087ms returns FALSE
T57B8 013:481.392 JLINK_IsHalted()
T57B8 013:482.294 - 0.901ms returns FALSE
T57B8 013:589.266 JLINK_IsHalted()
T57B8 013:590.357 - 1.090ms returns FALSE
T57B8 013:590.406 JLINK_IsHalted()
T57B8 013:591.429 - 1.020ms returns FALSE
T57B8 013:698.811 JLINK_IsHalted()
T57B8 013:699.925 - 1.112ms returns FALSE
T57B8 013:699.965 JLINK_IsHalted()
T57B8 013:700.835 - 0.868ms returns FALSE
T57B8 013:807.854 JLINK_IsHalted()
T57B8 013:808.837 - 0.981ms returns FALSE
T57B8 013:808.894 JLINK_IsHalted()
T57B8 013:809.978 - 1.081ms returns FALSE
T57B8 013:916.842 JLINK_IsHalted()
T57B8 013:917.635 - 0.792ms returns FALSE
T57B8 013:917.646 JLINK_IsHalted()
T57B8 013:918.341 - 0.693ms returns FALSE
T57B8 014:026.899 JLINK_IsHalted()
T57B8 014:027.784 - 0.884ms returns FALSE
T57B8 014:027.824 JLINK_IsHalted()
T57B8 014:028.811 - 0.986ms returns FALSE
T57B8 014:136.478 JLINK_IsHalted()
T57B8 014:137.475 - 0.994ms returns FALSE
T57B8 014:137.509 JLINK_IsHalted()
T57B8 014:138.395 - 0.885ms returns FALSE
T57B8 014:245.149 JLINK_IsHalted()
T57B8 014:246.190 - 1.040ms returns FALSE
T57B8 014:246.227 JLINK_IsHalted()
T57B8 014:247.208 - 0.980ms returns FALSE
T57B8 014:354.450 JLINK_IsHalted()
T57B8 014:355.496 - 1.045ms returns FALSE
T57B8 014:355.538 JLINK_IsHalted()
T57B8 014:356.486 - 0.947ms returns FALSE
T27C8 014:434.958 JLINK_IsHalted()
T27C8 014:435.781 - 0.822ms returns FALSE
T27C8 014:435.798 JLINK_IsHalted()
T27C8 014:436.797 - 0.999ms returns FALSE
T57B8 014:464.112 JLINK_IsHalted()
T57B8 014:465.186 - 1.073ms returns FALSE
T57B8 014:465.229 JLINK_IsHalted()
T57B8 014:466.086 - 0.856ms returns FALSE
T57B8 014:573.963 JLINK_IsHalted()
T57B8 014:574.883 - 0.918ms returns FALSE
T57B8 014:574.918 JLINK_IsHalted()
T57B8 014:575.746 - 0.826ms returns FALSE
T57B8 014:682.630 JLINK_IsHalted()
T57B8 014:683.278 - 0.646ms returns FALSE
T57B8 014:683.299 JLINK_IsHalted()
T57B8 014:683.891 - 0.591ms returns FALSE
T57B8 014:791.952 JLINK_IsHalted()
T57B8 014:793.085 - 1.130ms returns FALSE
T57B8 014:793.158 JLINK_IsHalted()
T57B8 014:794.354 - 1.190ms returns FALSE
T57B8 014:901.646 JLINK_IsHalted()
T57B8 014:902.736 - 1.089ms returns FALSE
T57B8 014:902.774 JLINK_IsHalted()
T57B8 014:903.784 - 1.007ms returns FALSE
T57B8 015:011.043 JLINK_IsHalted()
T57B8 015:012.016 - 0.972ms returns FALSE
T57B8 015:012.034 JLINK_IsHalted()
T57B8 015:013.117 - 1.080ms returns FALSE
T57B8 015:119.998 JLINK_IsHalted()
T57B8 015:120.954 - 0.954ms returns FALSE
T57B8 015:120.997 JLINK_IsHalted()
T57B8 015:121.869 - 0.870ms returns FALSE
T57B8 015:230.242 JLINK_IsHalted()
T57B8 015:231.426 - 1.181ms returns FALSE
T57B8 015:231.518 JLINK_IsHalted()
T57B8 015:232.603 - 1.083ms returns FALSE
T57B8 015:338.824 JLINK_IsHalted()
T57B8 015:340.018 - 1.191ms returns FALSE
T57B8 015:340.074 JLINK_IsHalted()
T57B8 015:341.114 - 1.038ms returns FALSE
T27C8 015:438.022 JLINK_IsHalted()
T27C8 015:439.122 - 1.097ms returns FALSE
T27C8 015:439.174 JLINK_IsHalted()
T27C8 015:440.147 - 0.971ms returns FALSE
T57B8 015:448.738 JLINK_IsHalted()
T57B8 015:449.915 - 1.175ms returns FALSE
T57B8 015:449.978 JLINK_IsHalted()
T57B8 015:451.022 - 1.042ms returns FALSE
T57B8 015:558.341 JLINK_IsHalted()
T57B8 015:559.747 - 1.404ms returns FALSE
T57B8 015:559.832 JLINK_IsHalted()
T57B8 015:561.093 - 1.258ms returns FALSE
T57B8 015:667.226 JLINK_IsHalted()
T57B8 015:668.334 - 1.106ms returns FALSE
T57B8 015:668.392 JLINK_IsHalted()
T57B8 015:669.464 - 1.070ms returns FALSE
T57B8 015:776.866 JLINK_IsHalted()
T57B8 015:777.858 - 0.990ms returns FALSE
T57B8 015:777.906 JLINK_IsHalted()
T57B8 015:778.936 - 1.029ms returns FALSE
T57B8 015:886.234 JLINK_IsHalted()
T57B8 015:887.091 - 0.856ms returns FALSE
T57B8 015:887.125 JLINK_IsHalted()
T57B8 015:888.032 - 0.907ms returns FALSE
T57B8 015:995.448 JLINK_IsHalted()
T57B8 015:996.342 - 0.892ms returns FALSE
T57B8 015:996.365 JLINK_IsHalted()
T57B8 015:997.106 - 0.741ms returns FALSE
T57B8 016:105.126 JLINK_IsHalted()
T57B8 016:106.179 - 1.052ms returns FALSE
T57B8 016:106.214 JLINK_IsHalted()
T57B8 016:107.110 - 0.894ms returns FALSE
T57B8 016:213.986 JLINK_IsHalted()
T57B8 016:215.291 - 1.302ms returns FALSE
T57B8 016:215.400 JLINK_IsHalted()
T57B8 016:216.603 - 1.198ms returns FALSE
T57B8 016:323.566 JLINK_IsHalted()
T57B8 016:324.763 - 1.195ms returns FALSE
T57B8 016:324.818 JLINK_IsHalted()
T57B8 016:325.677 - 0.858ms returns FALSE
T57B8 016:433.350 JLINK_IsHalted()
T57B8 016:434.645 - 1.293ms returns FALSE
T57B8 016:434.733 JLINK_IsHalted()
T57B8 016:435.821 - 1.086ms returns FALSE
T27C8 016:441.443 JLINK_IsHalted()
T27C8 016:442.398 - 0.953ms returns FALSE
T27C8 016:442.464 JLINK_IsHalted()
T27C8 016:443.426 - 0.959ms returns FALSE
T57B8 016:541.912 JLINK_IsHalted()
T57B8 016:543.088 - 1.175ms returns FALSE
T57B8 016:543.152 JLINK_IsHalted()
T57B8 016:544.120 - 0.966ms returns FALSE
T57B8 016:651.350 JLINK_IsHalted()
T57B8 016:652.707 - 1.356ms returns FALSE
T57B8 016:652.798 JLINK_IsHalted()
T57B8 016:653.891 - 1.090ms returns FALSE
T57B8 016:761.368 JLINK_IsHalted()
T57B8 016:762.485 - 1.115ms returns FALSE
T57B8 016:762.576 JLINK_IsHalted()
T57B8 016:763.557 - 0.978ms returns FALSE
T57B8 016:870.668 JLINK_IsHalted()
T57B8 016:871.614 - 0.945ms returns FALSE
T57B8 016:871.658 JLINK_IsHalted()
T57B8 016:872.464 - 0.804ms returns FALSE
T57B8 016:979.368 JLINK_IsHalted()
T57B8 016:980.484 - 1.114ms returns FALSE
T57B8 016:980.542 JLINK_IsHalted()
T57B8 016:981.520 - 0.975ms returns FALSE
T57B8 017:089.108 JLINK_IsHalted()
T57B8 017:090.508 - 1.396ms returns FALSE
T57B8 017:090.594 JLINK_IsHalted()
T57B8 017:091.932 - 1.337ms returns FALSE
T57B8 017:198.460 JLINK_IsHalted()
T57B8 017:199.524 - 1.064ms returns FALSE
T57B8 017:199.622 JLINK_IsHalted()
T57B8 017:200.768 - 1.143ms returns FALSE
T57B8 017:307.414 JLINK_IsHalted()
T57B8 017:308.514 - 1.097ms returns FALSE
T57B8 017:308.580 JLINK_IsHalted()
T57B8 017:309.668 - 1.084ms returns FALSE
T57B8 017:417.008 JLINK_IsHalted()
T57B8 017:417.986 - 0.975ms returns FALSE
T57B8 017:418.042 JLINK_IsHalted()
T57B8 017:419.038 - 0.995ms returns FALSE
T27C8 017:444.106 JLINK_IsHalted()
T27C8 017:445.172 - 1.065ms returns FALSE
T27C8 017:445.228 JLINK_IsHalted()
T27C8 017:446.294 - 1.064ms returns FALSE
T57B8 017:526.630 JLINK_IsHalted()
T57B8 017:528.002 - 1.371ms returns FALSE
T57B8 017:528.026 JLINK_IsHalted()
T57B8 017:528.826 - 0.799ms returns FALSE
T57B8 017:635.500 JLINK_IsHalted()
T57B8 017:636.356 - 0.857ms returns FALSE
T57B8 017:636.384 JLINK_IsHalted()
T57B8 017:637.210 - 0.825ms returns FALSE
T57B8 017:745.860 JLINK_IsHalted()
T57B8 017:746.888 - 1.026ms returns FALSE
T57B8 017:746.942 JLINK_IsHalted()
T57B8 017:747.780 - 0.834ms returns FALSE
T57B8 017:854.542 JLINK_IsHalted()
T57B8 017:855.616 - 1.072ms returns FALSE
T57B8 017:855.692 JLINK_IsHalted()
T57B8 017:856.668 - 0.974ms returns FALSE
T57B8 017:964.088 JLINK_IsHalted()
T57B8 017:964.966 - 0.877ms returns FALSE
T57B8 017:965.008 JLINK_IsHalted()
T57B8 017:965.772 - 0.762ms returns FALSE
T57B8 018:073.550 JLINK_IsHalted()
T57B8 018:074.804 - 1.253ms returns FALSE
T57B8 018:074.894 JLINK_IsHalted()
T57B8 018:076.036 - 1.139ms returns FALSE
T57B8 018:183.184 JLINK_IsHalted()
T57B8 018:184.178 - 0.992ms returns FALSE
T57B8 018:184.218 JLINK_IsHalted()
T57B8 018:185.168 - 0.948ms returns FALSE
T57B8 018:292.900 JLINK_IsHalted()
T57B8 018:294.310 - 1.409ms returns FALSE
T57B8 018:294.522 JLINK_IsHalted()
T57B8 018:295.572 - 1.048ms returns FALSE
T57B8 018:402.188 JLINK_IsHalted()
T57B8 018:403.386 - 1.195ms returns FALSE
T57B8 018:403.452 JLINK_IsHalted()
T57B8 018:404.516 - 1.061ms returns FALSE
T27C8 018:447.276 JLINK_IsHalted()
T27C8 018:448.292 - 1.015ms returns FALSE
T27C8 018:448.346 JLINK_IsHalted()
T27C8 018:449.296 - 0.949ms returns FALSE
T57B8 018:510.626 JLINK_IsHalted()
T57B8 018:511.502 - 0.875ms returns FALSE
T57B8 018:511.546 JLINK_IsHalted()
T57B8 018:512.440 - 0.893ms returns FALSE
T57B8 018:620.216 JLINK_IsHalted()
T57B8 018:621.160 - 0.942ms returns FALSE
T57B8 018:621.202 JLINK_IsHalted()
T57B8 018:622.002 - 0.798ms returns FALSE
T57B8 018:729.534 JLINK_IsHalted()
T57B8 018:730.482 - 0.946ms returns FALSE
T57B8 018:730.524 JLINK_IsHalted()
T57B8 018:731.422 - 0.897ms returns FALSE
T57B8 018:838.940 JLINK_IsHalted()
T57B8 018:839.954 - 1.011ms returns FALSE
T57B8 018:840.008 JLINK_IsHalted()
T57B8 018:840.878 - 0.869ms returns FALSE
T57B8 018:948.724 JLINK_IsHalted()
T57B8 018:949.986 - 1.259ms returns FALSE
T57B8 018:950.074 JLINK_IsHalted()
T57B8 018:951.196 - 1.119ms returns FALSE
T57B8 019:058.332 JLINK_IsHalted()
T57B8 019:059.610 - 1.274ms returns FALSE
T57B8 019:059.694 JLINK_IsHalted()
T57B8 019:060.804 - 1.107ms returns FALSE
T57B8 019:167.306 JLINK_IsHalted()
T57B8 019:168.152 - 0.844ms returns FALSE
T57B8 019:168.204 JLINK_IsHalted()
T57B8 019:169.028 - 0.824ms returns FALSE
T57B8 019:276.816 JLINK_IsHalted()
T57B8 019:278.060 - 1.243ms returns FALSE
T57B8 019:278.138 JLINK_IsHalted()
T57B8 019:279.164 - 1.024ms returns FALSE
T57B8 019:386.000 JLINK_IsHalted()
T57B8 019:387.092 - 1.091ms returns FALSE
T57B8 019:387.156 JLINK_IsHalted()
T57B8 019:388.204 - 1.048ms returns FALSE
T27C8 019:449.908 JLINK_IsHalted()
T27C8 019:450.962 - 1.053ms returns FALSE
T27C8 019:451.034 JLINK_IsHalted()
T27C8 019:451.986 - 0.949ms returns FALSE
T57B8 019:495.846 JLINK_IsHalted()
T57B8 019:497.046 - 1.198ms returns FALSE
T57B8 019:497.148 JLINK_IsHalted()
T57B8 019:498.182 - 1.033ms returns FALSE
T57B8 019:605.096 JLINK_IsHalted()
T57B8 019:606.034 - 0.936ms returns FALSE
T57B8 019:606.078 JLINK_IsHalted()
T57B8 019:606.954 - 0.874ms returns FALSE
T57B8 019:714.244 JLINK_IsHalted()
T57B8 019:715.252 - 1.005ms returns FALSE
T57B8 019:715.308 JLINK_IsHalted()
T57B8 019:716.278 - 0.970ms returns FALSE
T57B8 019:823.402 JLINK_IsHalted()
T57B8 019:824.410 - 1.005ms returns FALSE
T57B8 019:824.478 JLINK_IsHalted()
T57B8 019:825.420 - 0.941ms returns FALSE
T57B8 019:932.628 JLINK_IsHalted()
T57B8 019:933.784 - 1.152ms returns FALSE
T57B8 019:933.856 JLINK_IsHalted()
T57B8 019:934.860 - 1.002ms returns FALSE
T57B8 020:042.468 JLINK_IsHalted()
T57B8 020:043.384 - 0.912ms returns FALSE
T57B8 020:043.436 JLINK_IsHalted()
T57B8 020:044.334 - 0.896ms returns FALSE
T57B8 020:151.812 JLINK_IsHalted()
T57B8 020:152.900 - 1.087ms returns FALSE
T57B8 020:153.028 JLINK_IsHalted()
T57B8 020:153.836 - 0.807ms returns FALSE
T57B8 020:260.756 JLINK_IsHalted()
T57B8 020:262.018 - 1.260ms returns FALSE
T57B8 020:262.074 JLINK_IsHalted()
T57B8 020:263.168 - 1.092ms returns FALSE
T57B8 020:370.014 JLINK_IsHalted()
T57B8 020:371.306 - 1.289ms returns FALSE
T57B8 020:371.390 JLINK_IsHalted()
T57B8 020:372.518 - 1.125ms returns FALSE
T27C8 020:453.684 JLINK_IsHalted()
T27C8 020:454.712 - 1.024ms returns FALSE
T27C8 020:454.776 JLINK_IsHalted()
T27C8 020:455.584 - 0.805ms returns FALSE
T57B8 020:480.500 JLINK_IsHalted()
T57B8 020:481.580 - 1.079ms returns FALSE
T57B8 020:481.636 JLINK_IsHalted()
T57B8 020:482.554 - 0.915ms returns FALSE
T57B8 020:589.044 JLINK_IsHalted()
T57B8 020:589.994 - 0.948ms returns FALSE
T57B8 020:590.050 JLINK_IsHalted()
T57B8 020:591.060 - 1.008ms returns FALSE
T57B8 020:698.284 JLINK_IsHalted()
T57B8 020:699.470 - 1.183ms returns FALSE
T57B8 020:699.584 JLINK_IsHalted()
T57B8 020:700.750 - 1.164ms returns FALSE
T57B8 020:807.882 JLINK_IsHalted()
T57B8 020:809.116 - 1.231ms returns FALSE
T57B8 020:809.178 JLINK_IsHalted()
T57B8 020:810.040 - 0.860ms returns FALSE
T57B8 020:917.804 JLINK_IsHalted()
T57B8 020:918.764 - 0.955ms returns FALSE
T57B8 020:918.834 JLINK_IsHalted()
T57B8 020:919.772 - 0.935ms returns FALSE
T57B8 021:026.814 JLINK_IsHalted()
T57B8 021:027.756 - 0.940ms returns FALSE
T57B8 021:027.796 JLINK_IsHalted()
T57B8 021:028.744 - 0.945ms returns FALSE
T57B8 021:135.614 JLINK_IsHalted()
T57B8 021:136.508 - 0.893ms returns FALSE
T57B8 021:136.552 JLINK_IsHalted()
T57B8 021:137.388 - 0.836ms returns FALSE
T57B8 021:245.234 JLINK_IsHalted()
T57B8 021:246.520 - 1.283ms returns FALSE
T57B8 021:246.614 JLINK_IsHalted()
T57B8 021:247.710 - 1.094ms returns FALSE
T57B8 021:354.496 JLINK_IsHalted()
T57B8 021:355.500 - 1.005ms returns FALSE
T57B8 021:355.540 JLINK_IsHalted()
T57B8 021:356.364 - 0.824ms returns FALSE
T27C8 021:456.756 JLINK_IsHalted()
T27C8 021:457.806 - 1.046ms returns FALSE
T27C8 021:457.852 JLINK_IsHalted()
T27C8 021:458.860 - 1.007ms returns FALSE
T57B8 021:464.538 JLINK_IsHalted()
T57B8 021:465.406 - 0.868ms returns FALSE
T57B8 021:465.450 JLINK_IsHalted()
T57B8 021:466.362 - 0.911ms returns FALSE
T57B8 021:573.468 JLINK_IsHalted()
T57B8 021:574.516 - 1.048ms returns FALSE
T57B8 021:574.584 JLINK_IsHalted()
T57B8 021:575.440 - 0.854ms returns FALSE
T57B8 021:683.172 JLINK_IsHalted()
T57B8 021:684.106 - 0.930ms returns FALSE
T57B8 021:684.168 JLINK_IsHalted()
T57B8 021:685.260 - 1.090ms returns FALSE
T57B8 021:791.798 JLINK_IsHalted()
T57B8 021:792.748 - 0.947ms returns FALSE
T57B8 021:792.804 JLINK_IsHalted()
T57B8 021:793.846 - 1.040ms returns FALSE
T57B8 021:901.292 JLINK_IsHalted()
T57B8 021:902.224 - 0.933ms returns FALSE
T57B8 021:902.254 JLINK_IsHalted()
T57B8 021:903.032 - 0.776ms returns FALSE
T57B8 022:010.586 JLINK_IsHalted()
T57B8 022:011.490 - 0.902ms returns FALSE
T57B8 022:011.532 JLINK_IsHalted()
T57B8 022:012.322 - 0.787ms returns FALSE
T57B8 022:120.798 JLINK_IsHalted()
T57B8 022:121.708 - 0.908ms returns FALSE
T57B8 022:121.756 JLINK_IsHalted()
T57B8 022:122.710 - 0.952ms returns FALSE
T57B8 022:229.986 JLINK_IsHalted()
T57B8 022:230.884 - 0.897ms returns FALSE
T57B8 022:230.928 JLINK_IsHalted()
T57B8 022:231.676 - 0.747ms returns FALSE
T57B8 022:339.178 JLINK_IsHalted()
T57B8 022:340.164 - 0.982ms returns FALSE
T57B8 022:340.214 JLINK_IsHalted()
T57B8 022:341.112 - 0.895ms returns FALSE
T57B8 022:448.814 JLINK_IsHalted()
T57B8 022:449.766 - 0.950ms returns FALSE
T57B8 022:449.834 JLINK_IsHalted()
T57B8 022:450.630 - 0.795ms returns FALSE
T27C8 022:459.204 JLINK_IsHalted()
T27C8 022:460.248 - 1.043ms returns FALSE
T27C8 022:460.304 JLINK_IsHalted()
T27C8 022:461.244 - 0.940ms returns FALSE
T57B8 022:558.130 JLINK_IsHalted()
T57B8 022:559.024 - 0.892ms returns FALSE
T57B8 022:559.068 JLINK_IsHalted()
T57B8 022:559.876 - 0.806ms returns FALSE
T57B8 022:667.096 JLINK_IsHalted()
T57B8 022:668.042 - 0.944ms returns FALSE
T57B8 022:668.092 JLINK_IsHalted()
T57B8 022:668.964 - 0.870ms returns FALSE
T57B8 022:776.260 JLINK_IsHalted()
T57B8 022:777.150 - 0.887ms returns FALSE
T57B8 022:777.226 JLINK_IsHalted()
T57B8 022:778.000 - 0.774ms returns FALSE
T57B8 022:885.974 JLINK_IsHalted()
T57B8 022:886.892 - 0.917ms returns FALSE
T57B8 022:886.934 JLINK_IsHalted()
T57B8 022:887.876 - 0.940ms returns FALSE
T57B8 022:995.300 JLINK_IsHalted()
T57B8 022:996.204 - 0.901ms returns FALSE
T57B8 022:996.274 JLINK_IsHalted()
T57B8 022:997.108 - 0.832ms returns FALSE
T57B8 023:104.556 JLINK_IsHalted()
T57B8 023:105.456 - 0.899ms returns FALSE
T57B8 023:105.500 JLINK_IsHalted()
T57B8 023:106.294 - 0.793ms returns FALSE
T57B8 023:214.478 JLINK_IsHalted()
T57B8 023:215.354 - 0.874ms returns FALSE
T57B8 023:215.396 JLINK_IsHalted()
T57B8 023:216.204 - 0.806ms returns FALSE
T57B8 023:323.120 JLINK_IsHalted()
T57B8 023:324.126 - 1.006ms returns FALSE
T57B8 023:324.168 JLINK_IsHalted()
T57B8 023:325.000 - 0.831ms returns FALSE
T57B8 023:432.984 JLINK_IsHalted()
T57B8 023:433.900 - 0.914ms returns FALSE
T57B8 023:433.968 JLINK_IsHalted()
T57B8 023:434.862 - 0.892ms returns FALSE
T27C8 023:462.188 JLINK_IsHalted()
T27C8 023:463.044 - 0.854ms returns FALSE
T27C8 023:463.094 JLINK_IsHalted()
T27C8 023:464.006 - 0.909ms returns FALSE
T57B8 023:542.644 JLINK_IsHalted()
T57B8 023:543.380 - 0.733ms returns FALSE
T57B8 023:543.404 JLINK_IsHalted()
T57B8 023:544.054 - 0.650ms returns FALSE
T57B8 023:620.580 JLINK_IsHalted()
T57B8 023:621.348 - 0.768ms returns FALSE
T57B8 023:621.434 JLINK_IsHalted()
T57B8 023:622.260 - 0.825ms returns FALSE
T57B8 023:622.396 JLINK_IsHalted()
T57B8 023:623.168 - 0.769ms returns FALSE
T57B8 023:623.204 JLINK_IsHalted()
T57B8 023:623.946 - 0.741ms returns FALSE
T57B8 023:623.988 JLINK_Halt()
T57B8 023:630.534 - 6.544ms returns 0x00
T57B8 023:630.608 JLINK_IsHalted()
T57B8 023:630.622 - 0.014ms returns TRUE
T57B8 023:630.638 JLINK_ReadReg(XPSR)
T57B8 023:630.660   CPU_ReadMem(4 bytes @ 0xE000EE08)
T57B8 023:631.614 - 0.975ms returns 0x21000000
T57B8 023:631.638 JLINK_ReadReg(R15 (PC))
T57B8 023:631.654 - 0.017ms returns 0x00000814
T57B8 023:631.670 JLINK_ReadReg(XPSR)
T57B8 023:631.682 - 0.011ms returns 0x21000000
T57B8 023:631.692 JLINK_ReadReg(XPSR)
T57B8 023:631.704 - 0.010ms returns 0x21000000
T57B8 023:631.716 JLINK_ReadReg(R15 (PC))
T57B8 023:631.726 - 0.010ms returns 0x00000814
T57B8 023:631.740 JLINK_ReadReg(XPSR)
T57B8 023:631.748 - 0.010ms returns 0x21000000
T57B8 023:631.760 JLINK_ReadReg(XPSR)
T57B8 023:631.772 - 0.010ms returns 0x21000000
T57B8 023:631.784 JLINK_ReadMem(0x00000814, 0x1 Bytes, ...)
T57B8 023:631.802   CPU_ReadMem(64 bytes @ 0x00000800)
T57B8 023:633.324    -- Updating C cache (64 bytes @ 0x00000800)
T57B8 023:633.360    -- Read from C cache (1 bytes @ 0x00000814)
T57B8 023:633.376   Data:  29
T57B8 023:633.394 - 1.609ms returns 0
T57B8 023:633.410 JLINK_IsHalted()
T57B8 023:633.422 - 0.012ms returns TRUE
T57B8 023:633.436 JLINK_ReadReg(XPSR)
T57B8 023:633.452 - 0.017ms returns 0x21000000
T57B8 023:633.468 JLINK_ReadReg(XPSR)
T57B8 023:633.480 - 0.012ms returns 0x21000000
T57B8 023:633.492 JLINK_ReadReg(R15 (PC))
T57B8 023:633.506 - 0.012ms returns 0x00000814
T57B8 023:633.520 JLINK_ReadReg(XPSR)
T57B8 023:633.534 - 0.012ms returns 0x21000000
T57B8 023:633.548 JLINK_ReadReg(XPSR)
T57B8 023:633.560 - 0.012ms returns 0x21000000
T57B8 023:633.572 JLINK_ReadMem(0x00000814, 0x1 Bytes, ...)
T57B8 023:633.586    -- Read from C cache (1 bytes @ 0x00000814)
T57B8 023:633.602   Data:  29
T57B8 023:633.616 - 0.043ms returns 0
T57B8 023:633.652 JLINK_IsHalted()
T57B8 023:633.664 - 0.013ms returns TRUE
T57B8 023:633.678 JLINK_ReadReg(XPSR)
T57B8 023:633.692 - 0.013ms returns 0x21000000
T57B8 023:633.704 JLINK_ReadReg(R15 (PC))
T57B8 023:633.716 - 0.012ms returns 0x00000814
T57B8 023:633.730 JLINK_ReadReg(XPSR)
T57B8 023:633.742 - 0.012ms returns 0x21000000
T57B8 023:633.756 JLINK_ReadReg(XPSR)
T57B8 023:633.766 - 0.012ms returns 0x21000000
T57B8 023:633.782 JLINK_ReadReg(R15 (PC))
T57B8 023:633.794 - 0.012ms returns 0x00000814
T57B8 023:633.880 JLINK_ReadReg(XPSR)
T57B8 023:633.902 - 0.022ms returns 0x21000000
T57B8 023:633.916 JLINK_ReadReg(XPSR)
T57B8 023:633.930 - 0.012ms returns 0x21000000
T57B8 023:633.942 JLINK_ReadMem(0x00000814, 0x1 Bytes, ...)
T57B8 023:633.956    -- Read from C cache (1 bytes @ 0x00000814)
T57B8 023:633.972   Data:  29
T57B8 023:633.988 - 0.043ms returns 0
T57B8 023:633.998 JLINK_IsHalted()
T57B8 023:634.010 - 0.010ms returns TRUE
T57B8 023:634.022 JLINK_ReadReg(XPSR)
T57B8 023:634.036 - 0.013ms returns 0x21000000
T57B8 023:634.050 JLINK_ReadReg(XPSR)
T57B8 023:634.062 - 0.012ms returns 0x21000000
T57B8 023:634.076 JLINK_ReadReg(R15 (PC))
T57B8 023:634.086 - 0.012ms returns 0x00000814
T57B8 023:634.100 JLINK_ReadReg(XPSR)
T57B8 023:634.114 - 0.012ms returns 0x21000000
T57B8 023:634.126 JLINK_ReadReg(XPSR)
T57B8 023:634.140 - 0.012ms returns 0x21000000
T57B8 023:634.152 JLINK_ReadMem(0x00000814, 0x1 Bytes, ...)
T57B8 023:634.164    -- Read from C cache (1 bytes @ 0x00000814)
T57B8 023:634.178   Data:  29
T57B8 023:634.192 - 0.041ms returns 0
T57B8 023:635.444 JLINK_ReadRegs(NumRegs = 22, Indexes: 0, 1, 2, 3, 4, 5, 6, 7, 8, 9, 10, 11, 12, 13, 14, 15, 16, 17, 18, 86, 87, 20)
T57B8 023:635.510    -- R0=0x00, R1=0x200006A1, R2=0x01, R3=0x0B, R4=0x00, R5=0x200006A1, R6=0xEEE8, R7=0x200007A4, R8=0x200006A0, R9=0x200007CC, R10=0x20007FDE, R11=0x01, R12=0x2005B1BC, R13 (SP)=0x2005B420, R14=0x4891, R15 (PC)=0x814, XPSR=0x21000000, MSP=0x2005B420, PSP=0x00, MSPLIM=0x2000E3F0, PSPLIM=0x00, CFBP=0x00
T57B8 023:635.530 - 0.085ms returns 0x00
T57B8 023:638.556 JLINK_ReadReg(XPSR)
T57B8 023:638.594 - 0.037ms returns 0x21000000
T57B8 023:639.548 JLINK_ReadMem(0x00000814, 0x4 Bytes, ...)
T57B8 023:639.574    -- Read from C cache (4 bytes @ 0x00000814)
T57B8 023:639.582   Data:  29 46 03 A8
T57B8 023:639.592 - 0.044ms returns 0
T57B8 023:668.644 JLINK_ReadReg(XPSR)
T57B8 023:669.042 - 0.398ms returns 0x21000000
T57B8 023:698.540 JLINK_ReadReg(XPSR)
T57B8 023:698.590 - 0.050ms returns 0x21000000
T663C 024:153.380 JLINK_Halt()
T663C 024:154.252 - 0.869ms returns 0x00
T663C 024:154.312 JLINK_ReadReg(XPSR)
T663C 024:154.350 - 0.037ms returns 0x21000000
T663C 024:155.946 JLINK_Close()
T663C 024:170.716 - 14.769ms
T663C 024:170.770   
T663C 024:170.784   Closed
