T1B44 000:000.679   SEGGER J-Link V7.94g Log File
T1B44 000:000.832   DLL Compiled: Jan 24 2024 15:48:08
T1B44 000:000.839   Logging started @ 2024-04-18 19:25
T1B44 000:000.844   Process: C:\Users\Xijian\.eclipse\com.renesas.platform_1435879475\DebugComp\RA\e2-server-gdb.exe
T1B44 000:000.853 - 0.850ms
T1B44 000:000.867 JLINK_GetDLLVersion()
T1B44 000:000.876 - 0.008ms returns 79407
T1B44 000:002.067 JLINK_OpenEx(...)
T1B44 000:010.026   Firmware: J-Link OB-S124 compiled Dec 13 2023 14:39:54
T1B44 000:011.483   Firmware: J-Link OB-S124 compiled Dec 13 2023 14:39:54
T1B44 000:036.849   Hardware: V1.00
T1B44 000:036.878   S/N: 831240373
T1B44 000:036.887   OEM: SEGGER
T1B44 000:036.896   Feature(s): None
T1B44 000:038.204   Bootloader: 2019 Oct 15
T1B44 000:039.360   USB speed mode: Full speed (12 MBit/s)
T1B44 000:040.137   TELNET listener socket opened on port 19021
T1B44 000:040.301   WEBSRV WEBSRV_Init(): Starting webserver thread(s)
T1B44 000:040.440   WEBSRV Webserver running on local port 19080
T1B44 000:040.560   Looking for J-Link GUI Server exe at: C:\Users\Xijian\.eclipse\com.renesas.platform_1435879475\DebugComp\RA\ARM\Segger_v7.94.7\JLinkGUIServer.exe
T1B44 000:040.689   Looking for J-Link GUI Server exe at: C:\Program Files\SEGGER\JLink\JLinkGUIServer.exe
T1B44 000:040.731   Forking J-Link GUI Server: C:\Program Files\SEGGER\JLink\JLinkGUIServer.exe
T1B44 000:067.613   J-Link GUI Server info: "J-Link GUI server V7.88j "
T1B44 000:070.598 - 68.527ms returns "O.K."
T1B44 000:070.699 JLINK_ExecCommand("ProjectFile=C:\Users\Xijian\e2_studio\workspace2024\qispace_m5/qispace_m5 Debug_Flat.jlink", ...). 
T1B44 000:093.245 - 22.543ms returns 0x00
T1B44 000:093.709 JLINK_ExecCommand("device=R7FA6M5BH", ...). 
T1B44 000:094.695   Flash bank @ 0x0100A100: SFL: Parsing sectorization info from ELF file
T1B44 000:094.711     FlashDevice.SectorInfo[0]: .SectorSize = 0x00000010, .SectorStartAddr = 0x00000000
T1B44 000:094.720   FlashBank @0x0100A100: Sectorization info from SFL ELF file ignored because sectorization override from DLL / XML file is active.
T1B44 000:095.284   Flash bank @ 0x60000000: SFL: Parsing sectorization info from ELF file
T1B44 000:095.298     FlashDevice.SectorInfo[0]: .SectorSize = 0x00010000, .SectorStartAddr = 0x00000000
T1B44 000:099.402   Device "R7FA6M5BH" selected.
T1B44 000:099.736 - 6.013ms returns 0x00
T1B44 000:099.768 JLINK_ReadMem(0xE000EDF0, 0x4 Bytes, ...)
T1B44 000:100.265   ConfigTargetSettings() start
T1B44 000:100.330    J-Link Script File: Executing ConfigTargetSettings()
T1B44 000:100.349   Configuring FlashDLNoRMWThreshold=0x200 in order to make sure that option bytes programming is done via read-modify-write
T1B44 000:126.441   ConfigTargetSettings() end - Took 26.1ms
T1B44 000:128.324   InitTarget() start
T1B44 000:128.342    J-Link Script File: Executing InitTarget()
T1B44 000:128.351   SWD selected. Executing JTAG -> SWD switching sequence.
T1B44 000:135.440   DAP initialized successfully.
T1B44 000:135.462   Determining TrustZone configuration...
T1B44 000:138.897     Secure Debug: Enabled (SSD)
T1B44 000:138.915   Determining currently configured transfer type by reading the AHB-AP CSW register.
T1B44 000:141.588     --> Correct transfer type configured. Done.
T1B44 000:141.607   InitTarget() end - Took 13.2ms
T1B44 000:144.092   Found SW-DP with ID 0x6BA02477
T1B44 000:152.722   DPIDR: 0x6BA02477
T1B44 000:152.741   CoreSight SoC-400 or earlier
T1B44 000:152.753   Scanning AP map to find all available APs
T1B44 000:156.783   AP[2]: Stopped AP scan as end of AP map has been reached
T1B44 000:156.801   AP[0]: AHB-AP (IDR: 0x84770001)
T1B44 000:156.810   AP[1]: APB-AP (IDR: 0x54770002)
T1B44 000:156.837   Iterating through AP map to find AHB-AP to use
T1B44 000:160.742   AP[0]: Core found
T1B44 000:160.760   AP[0]: AHB-AP ROM base: 0xE00FE000
T1B44 000:162.754   CPUID register: 0x410FD214. Implementer code: 0x41 (ARM)
T1B44 000:162.771   Feature set: Mainline
T1B44 000:164.737   Cache: No cache
T1B44 000:164.757   Found Cortex-M33 r0p4, Little endian.
T1B44 000:165.675   -- Max. mem block: 0x00001960
T1B44 000:167.895   CPU_ReadMem(4 bytes @ 0xE000EDF0)
T1B44 000:171.527   CPU_ReadMem(4 bytes @ 0xE0002000)
T1B44 000:173.584   FPUnit: 8 code (BP) slots and 0 literal slots
T1B44 000:173.604   CPU_ReadMem(4 bytes @ 0xE000EDFC)
T1B44 000:175.763   CPU_ReadMem(4 bytes @ 0xE0001000)
T1B44 000:178.008   CPU_ReadMem(4 bytes @ 0xE0001000)
T1B44 000:180.127   CPU_ReadMem(4 bytes @ 0xE0001028)
T1B44 000:182.250   CPU_ReadMem(4 bytes @ 0xE0001038)
T1B44 000:184.413   CPU_ReadMem(4 bytes @ 0xE0001048)
T1B44 000:186.651   CPU_ReadMem(4 bytes @ 0xE0001058)
T1B44 000:189.001   CPU_WriteMem(4 bytes @ 0xE0001000)
T1B44 000:191.274   CPU_ReadMem(4 bytes @ 0xE000ED88)
T1B44 000:193.502   CPU_WriteMem(4 bytes @ 0xE000ED88)
T1B44 000:195.908   CPU_ReadMem(4 bytes @ 0xE000ED88)
T1B44 000:198.187   CPU_WriteMem(4 bytes @ 0xE000ED88)
T1B44 000:200.406   CPU_ReadMem(4 bytes @ 0xE000EFB8)
T1B44 000:202.672   Security extension: implemented
T1B44 000:202.705   Secure debug: enabled
T1B44 000:202.722   CoreSight components:
T1B44 000:202.748   ROMTbl[0] @ E00FE000
T1B44 000:202.769   CPU_ReadMem(64 bytes @ 0xE00FE000)
T1B44 000:209.598   CPU_ReadMem(32 bytes @ 0xE0044FE0)
T1B44 000:213.752   CPU_ReadMem(4 bytes @ 0xE0044FBC)
T1B44 000:215.966   CPU_ReadMem(4 bytes @ 0xE0044FCC)
T1B44 000:218.036   [0][0]: E0044000 CID B105900D PID 005BB906 DEVARCH 00000000 DEVTYPE 14 CTI (?)
T1B44 000:218.054   CPU_ReadMem(32 bytes @ 0xE0047FE0)
T1B44 000:221.993   CPU_ReadMem(4 bytes @ 0xE0047FBC)
T1B44 000:224.010   CPU_ReadMem(4 bytes @ 0xE0047FCC)
T1B44 000:226.074   [0][1]: E0047000 CID B105900D PID 003BB908 DEVARCH 00000000 DEVTYPE 12 CSTF
T1B44 000:226.091   CPU_ReadMem(32 bytes @ 0xE0048FE0)
T1B44 000:230.217   CPU_ReadMem(4 bytes @ 0xE0048FBC)
T1B44 000:232.327   CPU_ReadMem(4 bytes @ 0xE0048FCC)
T1B44 000:234.334   [0][2]: E0048000 CID B105900D PID 001BB961 DEVARCH 00000000 DEVTYPE 21 ETB
T1B44 000:234.350   CPU_ReadMem(32 bytes @ 0xE0049FE0)
T1B44 000:238.248   [0][3]: E0049000 CID B105F00D PID 001BB101 TSG
T1B44 000:238.266   CPU_ReadMem(32 bytes @ 0xE0040FE0)
T1B44 000:242.948   CPU_ReadMem(4 bytes @ 0xE0040FBC)
T1B44 000:245.053   CPU_ReadMem(4 bytes @ 0xE0040FCC)
T1B44 000:247.173   [0][4]: E0040000 CID B105900D PID 000BBD21 DEVARCH 00000000 DEVTYPE 11 TPIU
T1B44 000:247.188   CPU_ReadMem(32 bytes @ 0xE00FFFE0)
T1B44 000:251.167   [0][5]: E00FF000 CID B105100D PID 000BB4C9 ROM Table
T1B44 000:251.184   ROMTbl[1] @ E00FF000
T1B44 000:251.194   CPU_ReadMem(64 bytes @ 0xE00FF000)
T1B44 000:257.534   CPU_ReadMem(32 bytes @ 0xE000EFE0)
T1B44 000:261.568   CPU_ReadMem(4 bytes @ 0xE000EFBC)
T1B44 000:263.690   CPU_ReadMem(4 bytes @ 0xE000EFCC)
T1B44 000:265.861   [1][0]: E000E000 CID B105900D PID 000BBD21 DEVARCH 47702A04 DEVTYPE 00 Cortex-M33
T1B44 000:265.880   CPU_ReadMem(32 bytes @ 0xE0001FE0)
T1B44 000:269.795   CPU_ReadMem(4 bytes @ 0xE0001FBC)
T1B44 000:271.962   CPU_ReadMem(4 bytes @ 0xE0001FCC)
T1B44 000:274.057   [1][1]: E0001000 CID B105900D PID 000BBD21 DEVARCH 47701A02 DEVTYPE 00 DWT
T1B44 000:274.072   CPU_ReadMem(32 bytes @ 0xE0002FE0)
T1B44 000:278.059   CPU_ReadMem(4 bytes @ 0xE0002FBC)
T1B44 000:280.218   CPU_ReadMem(4 bytes @ 0xE0002FCC)
T1B44 000:282.316   [1][2]: E0002000 CID B105900D PID 000BBD21 DEVARCH 47701A03 DEVTYPE 00 FPB
T1B44 000:282.337   CPU_ReadMem(32 bytes @ 0xE0000FE0)
T1B44 000:286.277   CPU_ReadMem(4 bytes @ 0xE0000FBC)
T1B44 000:288.360   CPU_ReadMem(4 bytes @ 0xE0000FCC)
T1B44 000:290.416   [1][3]: E0000000 CID B105900D PID 000BBD21 DEVARCH 47701A01 DEVTYPE 43 ITM
T1B44 000:290.436   CPU_ReadMem(32 bytes @ 0xE0041FE0)
T1B44 000:294.411   CPU_ReadMem(4 bytes @ 0xE0041FBC)
T1B44 000:296.511   CPU_ReadMem(4 bytes @ 0xE0041FCC)
T1B44 000:298.596   [1][5]: E0041000 CID B105900D PID 002BBD21 DEVARCH 47724A13 DEVTYPE 13 ETM
T1B44 000:298.615   CPU_ReadMem(32 bytes @ 0xE0042FE0)
T1B44 000:302.574   CPU_ReadMem(4 bytes @ 0xE0042FBC)
T1B44 000:304.722   CPU_ReadMem(4 bytes @ 0xE0042FCC)
T1B44 000:307.164   [1][6]: E0042000 CID B105900D PID 000BBD21 DEVARCH 47701A14 DEVTYPE 14 CSS600-CTI
T1B44 000:307.243   CPU_ReadMem(4 bytes @ 0xE000EDF0)
T1B44 000:309.332   Data:  03 00 13 00
T1B44 000:309.356   Debug reg: DHCSR
T1B44 000:309.368 - 209.600ms returns 0
T1B44 000:309.409 JLINK_ReadMem(0x400E002C, 0x4 Bytes, ...)
T1B44 000:309.428   CPU_ReadMem(4 bytes @ 0x400E002C)
T1B44 000:311.522   Data:  02 00 00 00
T1B44 000:311.543 - 2.134ms returns 0
T1B44 000:311.677 JLINK_ReadMem(0xE000EDF0, 0x4 Bytes, ...)
T1B44 000:311.701   CPU_ReadMem(4 bytes @ 0xE000EDF0)
T1B44 000:313.797   Data:  03 00 13 00
T1B44 000:313.817   Debug reg: DHCSR
T1B44 000:313.847 - 2.170ms returns 0
T1B44 000:313.875 JLINK_ReadMem(0xE000EDF0, 0x4 Bytes, ...)
T1B44 000:313.889   CPU_ReadMem(4 bytes @ 0xE000EDF0)
T1B44 000:315.931   Data:  03 00 13 00
T1B44 000:315.948   Debug reg: DHCSR
T1B44 000:315.958 - 2.083ms returns 0
T1B44 000:315.971 JLINK_ReadMem(0x400E001C, 0x4 Bytes, ...)
T1B44 000:315.983   CPU_ReadMem(4 bytes @ 0x400E001C)
T1B44 000:318.041   Data:  00 B8 00 00
T1B44 000:318.057 - 2.086ms returns 0
T1B44 000:318.074 JLINK_ReadMem(0xE000EDF0, 0x4 Bytes, ...)
T1B44 000:318.086   CPU_ReadMem(4 bytes @ 0xE000EDF0)
T1B44 000:320.158   Data:  03 00 13 00
T1B44 000:320.174   Debug reg: DHCSR
T1B44 000:320.184 - 2.110ms returns 0
T1B44 000:320.196 JLINK_ReadMem(0x400E0018, 0x4 Bytes, ...)
T1B44 000:320.208   CPU_ReadMem(4 bytes @ 0x400E0018)
T1B44 000:322.260   Data:  00 00 01 00
T1B44 000:322.277 - 2.080ms returns 0
T1B44 000:322.294 JLINK_ReadMem(0xE000EDF0, 0x4 Bytes, ...)
T1B44 000:322.306   CPU_ReadMem(4 bytes @ 0xE000EDF0)
T1B44 000:324.392   Data:  03 00 13 00
T1B44 000:324.413   Debug reg: DHCSR
T1B44 000:324.424 - 2.130ms returns 0
T1B44 000:324.439 JLINK_ReadMem(0x400E0020, 0x4 Bytes, ...)
T1B44 000:324.454   CPU_ReadMem(4 bytes @ 0x400E0020)
T1B44 000:326.590   Data:  00 00 00 00
T1B44 000:326.617 - 2.177ms returns 0
T1B44 000:326.643 JLINK_ReadMem(0xE000EDF0, 0x4 Bytes, ...)
T1B44 000:326.662   CPU_ReadMem(4 bytes @ 0xE000EDF0)
T1B44 000:329.086   Data:  03 00 13 00
T1B44 000:329.114   Debug reg: DHCSR
T1B44 000:329.128 - 2.485ms returns 0
T1B44 000:329.169 JLINK_ReadMem(0x400E0028, 0x4 Bytes, ...)
T1B44 000:329.202   CPU_ReadMem(4 bytes @ 0x400E0028)
T1B44 000:331.427   Data:  00 BC 01 00
T1B44 000:331.449 - 2.280ms returns 0
T1B44 000:331.473 JLINK_ReadMem(0xE000EDF0, 0x4 Bytes, ...)
T1B44 000:331.489   CPU_ReadMem(4 bytes @ 0xE000EDF0)
T1B44 000:333.637   Data:  03 00 13 00
T1B44 000:333.660   Debug reg: DHCSR
T1B44 000:333.672 - 2.199ms returns 0
T1B44 000:333.688 JLINK_ReadMem(0x400E0024, 0x4 Bytes, ...)
T1B44 000:333.703   CPU_ReadMem(4 bytes @ 0x400E0024)
T1B44 000:335.895   Data:  00 C0 01 00
T1B44 000:335.914 - 2.226ms returns 0
T1B44 000:335.935 JLINK_ReadMem(0xE000EDF0, 0x4 Bytes, ...)
T1B44 000:335.949   CPU_ReadMem(4 bytes @ 0xE000EDF0)
T1B44 000:338.320   Data:  03 00 13 00
T1B44 000:338.345   Debug reg: DHCSR
T1B44 000:338.358 - 2.423ms returns 0
T1B44 000:338.375 JLINK_ReadMem(0x400E002C, 0x4 Bytes, ...)
T1B44 000:338.392   CPU_ReadMem(4 bytes @ 0x400E002C)
T1B44 000:340.546   Data:  02 00 00 00
T1B44 000:340.570 - 2.194ms returns 0
T1B44 000:340.614 JLINK_ReadMem(0xE000EDF0, 0x4 Bytes, ...)
T1B44 000:340.635   CPU_ReadMem(4 bytes @ 0xE000EDF0)
T1B44 000:342.801   Data:  03 00 13 00
T1B44 000:342.843   Debug reg: DHCSR
T1B44 000:342.855 - 2.241ms returns 0
T1B44 000:342.888 JLINK_ReadMem(0x400E002C, 0x4 Bytes, ...)
T1B44 000:342.907   CPU_ReadMem(4 bytes @ 0x400E002C)
T1B44 000:345.006   Data:  02 00 00 00
T1B44 000:345.032 - 2.143ms returns 0
T1B44 000:348.447 JLINK_Close()
T1B44 000:374.175 - 25.726ms
T1B44 000:374.257   
T1B44 000:374.264   Closed
