T0B2C 000:000.809   SEGGER J-Link V7.94g Log File
T0B2C 000:000.969   DLL Compiled: Jan 24 2024 15:48:08
T0B2C 000:000.976   Logging started @ 2024-05-01 20:25
T0B2C 000:000.982   Process: C:\Users\Xijian\.eclipse\com.renesas.platform_1435879475\DebugComp\RA\e2-server-gdb.exe
T0B2C 000:000.991 - 0.988ms
T0B2C 000:001.006 JLINK_GetDLLVersion()
T0B2C 000:001.014 - 0.008ms returns 79407
T0B2C 000:001.933 JLINK_OpenEx(...)
T0B2C 000:010.373   Firmware: J-Link OB-S124 compiled Dec 13 2023 14:39:54
T0B2C 000:011.650   Firmware: J-Link OB-S124 compiled Dec 13 2023 14:39:54
T0B2C 000:036.723   Hardware: V1.00
T0B2C 000:036.756   S/N: 831863612
T0B2C 000:036.765   OEM: SEGGER
T0B2C 000:036.774   Feature(s): None
T0B2C 000:038.344   Bootloader: 2019 Oct 15
T0B2C 000:039.379   USB speed mode: Full speed (12 MBit/s)
T0B2C 000:040.099   TELNET listener socket opened on port 19021
T0B2C 000:040.300   WEBSRV WEBSRV_Init(): Starting webserver thread(s)
T0B2C 000:040.567   WEBSRV Webserver running on local port 19080
T0B2C 000:040.695   Looking for J-Link GUI Server exe at: C:\Users\Xijian\.eclipse\com.renesas.platform_1435879475\DebugComp\RA\ARM\Segger_v7.94.7\JLinkGUIServer.exe
T0B2C 000:040.827   Looking for J-Link GUI Server exe at: C:\Program Files\SEGGER\JLink\JLinkGUIServer.exe
T0B2C 000:040.873   Forking J-Link GUI Server: C:\Program Files\SEGGER\JLink\JLinkGUIServer.exe
T0B2C 000:067.272   J-Link GUI Server info: "J-Link GUI server V7.88j "
T0B2C 000:071.096 - 69.156ms returns "O.K."
T0B2C 000:071.244 JLINK_ExecCommand("ProjectFile=C:\Users\Xijian\e2_studio\workspace2024\qispace_demo_ekra6m5/qispace_demo_ekra6m5.elf.jlink", ...). 
T0B2C 000:095.040 - 23.794ms returns 0x00
T0B2C 000:095.517 JLINK_ExecCommand("device=R7FA6M5BH", ...). 
T0B2C 000:096.520   Flash bank @ 0x0100A100: SFL: Parsing sectorization info from ELF file
T0B2C 000:096.537     FlashDevice.SectorInfo[0]: .SectorSize = 0x00000010, .SectorStartAddr = 0x00000000
T0B2C 000:096.546   FlashBank @0x0100A100: Sectorization info from SFL ELF file ignored because sectorization override from DLL / XML file is active.
T0B2C 000:097.250   Flash bank @ 0x60000000: SFL: Parsing sectorization info from ELF file
T0B2C 000:097.269     FlashDevice.SectorInfo[0]: .SectorSize = 0x00010000, .SectorStartAddr = 0x00000000
T0B2C 000:102.122   Device "R7FA6M5BH" selected.
T0B2C 000:102.600 - 7.067ms returns 0x00
T0B2C 000:102.640 JLINK_ReadMem(0xE000EDF0, 0x4 Bytes, ...)
T0B2C 000:103.122   ConfigTargetSettings() start
T0B2C 000:103.139    J-Link Script File: Executing ConfigTargetSettings()
T0B2C 000:103.155   Configuring FlashDLNoRMWThreshold=0x200 in order to make sure that option bytes programming is done via read-modify-write
T0B2C 000:129.148   ConfigTargetSettings() end - Took 26.0ms
T0B2C 000:130.857   InitTarget() start
T0B2C 000:130.880    J-Link Script File: Executing InitTarget()
T0B2C 000:130.889   SWD selected. Executing JTAG -> SWD switching sequence.
T0B2C 000:137.947   DAP initialized successfully.
T0B2C 000:137.976   Determining TrustZone configuration...
T0B2C 000:141.445     Secure Debug: Enabled (SSD)
T0B2C 000:141.465   Determining currently configured transfer type by reading the AHB-AP CSW register.
T0B2C 000:144.035     --> Correct transfer type configured. Done.
T0B2C 000:144.056   InitTarget() end - Took 13.1ms
T0B2C 000:146.604   Found SW-DP with ID 0x6BA02477
T0B2C 000:154.862   DPIDR: 0x6BA02477
T0B2C 000:154.888   CoreSight SoC-400 or earlier
T0B2C 000:154.900   Scanning AP map to find all available APs
T0B2C 000:158.797   AP[2]: Stopped AP scan as end of AP map has been reached
T0B2C 000:158.817   AP[0]: AHB-AP (IDR: 0x84770001)
T0B2C 000:158.827   AP[1]: APB-AP (IDR: 0x54770002)
T0B2C 000:158.835   Iterating through AP map to find AHB-AP to use
T0B2C 000:162.760   AP[0]: Core found
T0B2C 000:162.781   AP[0]: AHB-AP ROM base: 0xE00FE000
T0B2C 000:164.774   CPUID register: 0x410FD214. Implementer code: 0x41 (ARM)
T0B2C 000:164.794   Feature set: Mainline
T0B2C 000:166.813   Cache: No cache
T0B2C 000:166.836   Found Cortex-M33 r0p4, Little endian.
T0B2C 000:167.800   -- Max. mem block: 0x00001960
T0B2C 000:170.031   CPU_ReadMem(4 bytes @ 0xE000EDF0)
T0B2C 000:173.661   CPU_ReadMem(4 bytes @ 0xE0002000)
T0B2C 000:175.683   FPUnit: 8 code (BP) slots and 0 literal slots
T0B2C 000:175.700   CPU_ReadMem(4 bytes @ 0xE000EDFC)
T0B2C 000:177.722   CPU_ReadMem(4 bytes @ 0xE0001000)
T0B2C 000:179.781   CPU_ReadMem(4 bytes @ 0xE0001000)
T0B2C 000:181.841   CPU_ReadMem(4 bytes @ 0xE0001028)
T0B2C 000:183.996   CPU_ReadMem(4 bytes @ 0xE0001038)
T0B2C 000:186.130   CPU_ReadMem(4 bytes @ 0xE0001048)
T0B2C 000:188.236   CPU_ReadMem(4 bytes @ 0xE0001058)
T0B2C 000:190.362   CPU_WriteMem(4 bytes @ 0xE0001000)
T0B2C 000:192.451   CPU_ReadMem(4 bytes @ 0xE000ED88)
T0B2C 000:194.448   CPU_WriteMem(4 bytes @ 0xE000ED88)
T0B2C 000:197.285   CPU_ReadMem(4 bytes @ 0xE000ED88)
T0B2C 000:199.432   CPU_WriteMem(4 bytes @ 0xE000ED88)
T0B2C 000:201.518   CPU_ReadMem(4 bytes @ 0xE000EFB8)
T0B2C 000:203.631   Security extension: implemented
T0B2C 000:203.652   Secure debug: enabled
T0B2C 000:203.660   CoreSight components:
T0B2C 000:203.677   ROMTbl[0] @ E00FE000
T0B2C 000:203.687   CPU_ReadMem(64 bytes @ 0xE00FE000)
T0B2C 000:209.812   CPU_ReadMem(32 bytes @ 0xE0044FE0)
T0B2C 000:213.789   CPU_ReadMem(4 bytes @ 0xE0044FBC)
T0B2C 000:215.831   CPU_ReadMem(4 bytes @ 0xE0044FCC)
T0B2C 000:217.944   [0][0]: E0044000 CID B105900D PID 005BB906 DEVARCH 00000000 DEVTYPE 14 CTI (?)
T0B2C 000:217.963   CPU_ReadMem(32 bytes @ 0xE0047FE0)
T0B2C 000:221.864   CPU_ReadMem(4 bytes @ 0xE0047FBC)
T0B2C 000:223.905   CPU_ReadMem(4 bytes @ 0xE0047FCC)
T0B2C 000:225.957   [0][1]: E0047000 CID B105900D PID 003BB908 DEVARCH 00000000 DEVTYPE 12 CSTF
T0B2C 000:225.975   CPU_ReadMem(32 bytes @ 0xE0048FE0)
T0B2C 000:229.892   CPU_ReadMem(4 bytes @ 0xE0048FBC)
T0B2C 000:231.949   CPU_ReadMem(4 bytes @ 0xE0048FCC)
T0B2C 000:234.125   [0][2]: E0048000 CID B105900D PID 001BB961 DEVARCH 00000000 DEVTYPE 21 ETB
T0B2C 000:234.148   CPU_ReadMem(32 bytes @ 0xE0049FE0)
T0B2C 000:238.100   [0][3]: E0049000 CID B105F00D PID 001BB101 TSG
T0B2C 000:238.127   CPU_ReadMem(32 bytes @ 0xE0040FE0)
T0B2C 000:242.106   CPU_ReadMem(4 bytes @ 0xE0040FBC)
T0B2C 000:244.146   CPU_ReadMem(4 bytes @ 0xE0040FCC)
T0B2C 000:246.207   [0][4]: E0040000 CID B105900D PID 000BBD21 DEVARCH 00000000 DEVTYPE 11 TPIU
T0B2C 000:246.231   CPU_ReadMem(32 bytes @ 0xE00FFFE0)
T0B2C 000:250.200   [0][5]: E00FF000 CID B105100D PID 000BB4C9 ROM Table
T0B2C 000:250.227   ROMTbl[1] @ E00FF000
T0B2C 000:250.238   CPU_ReadMem(64 bytes @ 0xE00FF000)
T0B2C 000:256.468   CPU_ReadMem(32 bytes @ 0xE000EFE0)
T0B2C 000:260.442   CPU_ReadMem(4 bytes @ 0xE000EFBC)
T0B2C 000:262.509   CPU_ReadMem(4 bytes @ 0xE000EFCC)
T0B2C 000:264.552   [1][0]: E000E000 CID B105900D PID 000BBD21 DEVARCH 47702A04 DEVTYPE 00 Cortex-M33
T0B2C 000:264.572   CPU_ReadMem(32 bytes @ 0xE0001FE0)
T0B2C 000:268.489   CPU_ReadMem(4 bytes @ 0xE0001FBC)
T0B2C 000:270.596   CPU_ReadMem(4 bytes @ 0xE0001FCC)
T0B2C 000:272.637   [1][1]: E0001000 CID B105900D PID 000BBD21 DEVARCH 47701A02 DEVTYPE 00 DWT
T0B2C 000:272.654   CPU_ReadMem(32 bytes @ 0xE0002FE0)
T0B2C 000:276.546   CPU_ReadMem(4 bytes @ 0xE0002FBC)
T0B2C 000:278.561   CPU_ReadMem(4 bytes @ 0xE0002FCC)
T0B2C 000:280.596   [1][2]: E0002000 CID B105900D PID 000BBD21 DEVARCH 47701A03 DEVTYPE 00 FPB
T0B2C 000:280.616   CPU_ReadMem(32 bytes @ 0xE0000FE0)
T0B2C 000:284.542   CPU_ReadMem(4 bytes @ 0xE0000FBC)
T0B2C 000:286.683   CPU_ReadMem(4 bytes @ 0xE0000FCC)
T0B2C 000:288.975   [1][3]: E0000000 CID B105900D PID 000BBD21 DEVARCH 47701A01 DEVTYPE 43 ITM
T0B2C 000:288.992   CPU_ReadMem(32 bytes @ 0xE0041FE0)
T0B2C 000:292.959   CPU_ReadMem(4 bytes @ 0xE0041FBC)
T0B2C 000:295.024   CPU_ReadMem(4 bytes @ 0xE0041FCC)
T0B2C 000:297.124   [1][5]: E0041000 CID B105900D PID 002BBD21 DEVARCH 47724A13 DEVTYPE 13 ETM
T0B2C 000:297.146   CPU_ReadMem(32 bytes @ 0xE0042FE0)
T0B2C 000:301.078   CPU_ReadMem(4 bytes @ 0xE0042FBC)
T0B2C 000:303.154   CPU_ReadMem(4 bytes @ 0xE0042FCC)
T0B2C 000:305.204   [1][6]: E0042000 CID B105900D PID 000BBD21 DEVARCH 47701A14 DEVTYPE 14 CSS600-CTI
T0B2C 000:305.272   CPU_ReadMem(4 bytes @ 0xE000EDF0)
T0B2C 000:308.204   Data:  03 00 13 00
T0B2C 000:308.233   Debug reg: DHCSR
T0B2C 000:308.242 - 205.602ms returns 0
T0B2C 000:308.273 JLINK_ReadMem(0x400E002C, 0x4 Bytes, ...)
T0B2C 000:308.291   CPU_ReadMem(4 bytes @ 0x400E002C)
T0B2C 000:310.393   Data:  02 00 00 00
T0B2C 000:310.410 - 2.137ms returns 0
T0B2C 000:310.514 JLINK_ReadMem(0xE000EDF0, 0x4 Bytes, ...)
T0B2C 000:310.533   CPU_ReadMem(4 bytes @ 0xE000EDF0)
T0B2C 000:312.598   Data:  03 00 13 00
T0B2C 000:312.615   Debug reg: DHCSR
T0B2C 000:312.624 - 2.109ms returns 0
T0B2C 000:312.648 JLINK_ReadMem(0xE000EDF0, 0x4 Bytes, ...)
T0B2C 000:312.660   CPU_ReadMem(4 bytes @ 0xE000EDF0)
T0B2C 000:314.737   Data:  03 00 13 00
T0B2C 000:314.754   Debug reg: DHCSR
T0B2C 000:314.763 - 2.115ms returns 0
T0B2C 000:314.775 JLINK_ReadMem(0x400E001C, 0x4 Bytes, ...)
T0B2C 000:314.786   CPU_ReadMem(4 bytes @ 0x400E001C)
T0B2C 000:316.811   Data:  00 10 01 00
T0B2C 000:316.831 - 2.055ms returns 0
T0B2C 000:316.850 JLINK_ReadMem(0xE000EDF0, 0x4 Bytes, ...)
T0B2C 000:316.862   CPU_ReadMem(4 bytes @ 0xE000EDF0)
T0B2C 000:318.937   Data:  03 00 13 00
T0B2C 000:318.957   Debug reg: DHCSR
T0B2C 000:318.967 - 2.117ms returns 0
T0B2C 000:318.981 JLINK_ReadMem(0x400E0018, 0x4 Bytes, ...)
T0B2C 000:318.993   CPU_ReadMem(4 bytes @ 0x400E0018)
T0B2C 000:321.011   Data:  00 80 01 00
T0B2C 000:321.031 - 2.050ms returns 0
T0B2C 000:321.051 JLINK_ReadMem(0xE000EDF0, 0x4 Bytes, ...)
T0B2C 000:321.066   CPU_ReadMem(4 bytes @ 0xE000EDF0)
T0B2C 000:323.136   Data:  03 00 13 00
T0B2C 000:323.157   Debug reg: DHCSR
T0B2C 000:323.168 - 2.117ms returns 0
T0B2C 000:323.183 JLINK_ReadMem(0x400E0020, 0x4 Bytes, ...)
T0B2C 000:323.197   CPU_ReadMem(4 bytes @ 0x400E0020)
T0B2C 000:325.264   Data:  00 00 00 00
T0B2C 000:325.332 - 2.149ms returns 0
T0B2C 000:325.357 JLINK_ReadMem(0xE000EDF0, 0x4 Bytes, ...)
T0B2C 000:325.372   CPU_ReadMem(4 bytes @ 0xE000EDF0)
T0B2C 000:327.435   Data:  03 00 13 00
T0B2C 000:327.456   Debug reg: DHCSR
T0B2C 000:327.468 - 2.111ms returns 0
T0B2C 000:327.482 JLINK_ReadMem(0x400E0028, 0x4 Bytes, ...)
T0B2C 000:327.497   CPU_ReadMem(4 bytes @ 0x400E0028)
T0B2C 000:329.560   Data:  00 FC 00 00
T0B2C 000:329.581 - 2.098ms returns 0
T0B2C 000:329.602 JLINK_ReadMem(0xE000EDF0, 0x4 Bytes, ...)
T0B2C 000:329.616   CPU_ReadMem(4 bytes @ 0xE000EDF0)
T0B2C 000:331.723   Data:  03 00 13 00
T0B2C 000:331.746   Debug reg: DHCSR
T0B2C 000:331.758 - 2.156ms returns 0
T0B2C 000:331.773 JLINK_ReadMem(0x400E0024, 0x4 Bytes, ...)
T0B2C 000:331.788   CPU_ReadMem(4 bytes @ 0x400E0024)
T0B2C 000:333.885   Data:  00 00 01 00
T0B2C 000:333.910 - 2.136ms returns 0
T0B2C 000:333.993 JLINK_ReadMem(0xE000EDF0, 0x4 Bytes, ...)
T0B2C 000:334.013   CPU_ReadMem(4 bytes @ 0xE000EDF0)
T0B2C 000:336.176   Data:  03 00 13 00
T0B2C 000:336.195   Debug reg: DHCSR
T0B2C 000:336.205 - 2.212ms returns 0
T0B2C 000:336.236 JLINK_ReadMem(0x400E002C, 0x4 Bytes, ...)
T0B2C 000:336.254   CPU_ReadMem(4 bytes @ 0x400E002C)
T0B2C 000:338.383   Data:  02 00 00 00
T0B2C 000:338.404 - 2.167ms returns 0
T0B2C 000:338.441 JLINK_ReadMem(0xE000EDF0, 0x4 Bytes, ...)
T0B2C 000:338.458   CPU_ReadMem(4 bytes @ 0xE000EDF0)
T0B2C 000:340.516   Data:  03 00 13 00
T0B2C 000:340.538   Debug reg: DHCSR
T0B2C 000:340.547 - 2.107ms returns 0
T0B2C 000:340.578 JLINK_ReadMem(0x400E002C, 0x4 Bytes, ...)
T0B2C 000:340.595   CPU_ReadMem(4 bytes @ 0x400E002C)
T0B2C 000:342.637   Data:  02 00 00 00
T0B2C 000:342.654 - 2.076ms returns 0
T0B2C 000:352.929 JLINK_Close()
T0B2C 000:377.677 - 24.747ms
T0B2C 000:377.702   
T0B2C 000:377.709   Closed
